{"C:\\Users\\Axiaz\\cpsc310\\d3\\src\\controller\\InsightFacade.js":{"path":"C:\\Users\\Axiaz\\cpsc310\\d3\\src\\controller\\InsightFacade.js","statementMap":{"0":{"start":{"line":2,"column":23},"end":{"line":2,"column":50}},"1":{"start":{"line":3,"column":13},"end":{"line":3,"column":31}},"2":{"start":{"line":4,"column":24},"end":{"line":4,"column":52}},"3":{"start":{"line":5,"column":21},"end":{"line":67,"column":3}},"4":{"start":{"line":7,"column":8},"end":{"line":7,"column":58}},"5":{"start":{"line":8,"column":8},"end":{"line":8,"column":61}},"6":{"start":{"line":9,"column":8},"end":{"line":9,"column":63}},"7":{"start":{"line":11,"column":4},"end":{"line":37,"column":6}},"8":{"start":{"line":12,"column":23},"end":{"line":12,"column":27}},"9":{"start":{"line":13,"column":8},"end":{"line":36,"column":11}},"10":{"start":{"line":14,"column":12},"end":{"line":35,"column":13}},"11":{"start":{"line":16,"column":20},"end":{"line":22,"column":23}},"12":{"start":{"line":18,"column":24},"end":{"line":18,"column":40}},"13":{"start":{"line":21,"column":24},"end":{"line":21,"column":36}},"14":{"start":{"line":23,"column":20},"end":{"line":23,"column":26}},"15":{"start":{"line":25,"column":20},"end":{"line":31,"column":23}},"16":{"start":{"line":27,"column":24},"end":{"line":27,"column":40}},"17":{"start":{"line":30,"column":24},"end":{"line":30,"column":36}},"18":{"start":{"line":32,"column":20},"end":{"line":32,"column":26}},"19":{"start":{"line":34,"column":20},"end":{"line":34,"column":100}},"20":{"start":{"line":38,"column":4},"end":{"line":49,"column":6}},"21":{"start":{"line":39,"column":23},"end":{"line":39,"column":27}},"22":{"start":{"line":40,"column":8},"end":{"line":48,"column":11}},"23":{"start":{"line":41,"column":12},"end":{"line":47,"column":15}},"24":{"start":{"line":43,"column":16},"end":{"line":43,"column":32}},"25":{"start":{"line":46,"column":16},"end":{"line":46,"column":28}},"26":{"start":{"line":50,"column":4},"end":{"line":61,"column":6}},"27":{"start":{"line":51,"column":23},"end":{"line":51,"column":27}},"28":{"start":{"line":52,"column":8},"end":{"line":60,"column":11}},"29":{"start":{"line":53,"column":12},"end":{"line":59,"column":15}},"30":{"start":{"line":55,"column":16},"end":{"line":55,"column":32}},"31":{"start":{"line":58,"column":16},"end":{"line":58,"column":28}},"32":{"start":{"line":62,"column":4},"end":{"line":65,"column":6}},"33":{"start":{"line":63,"column":23},"end":{"line":63,"column":27}},"34":{"start":{"line":64,"column":8},"end":{"line":64,"column":53}},"35":{"start":{"line":66,"column":4},"end":{"line":66,"column":25}},"36":{"start":{"line":68,"column":0},"end":{"line":68,"column":62}},"37":{"start":{"line":69,"column":0},"end":{"line":69,"column":32}}},"fnMap":{"0":{"name":"(anonymous_0)","decl":{"start":{"line":5,"column":21},"end":{"line":5,"column":22}},"loc":{"start":{"line":5,"column":33},"end":{"line":67,"column":1}}},"1":{"name":"InsightFacade","decl":{"start":{"line":6,"column":13},"end":{"line":6,"column":26}},"loc":{"start":{"line":6,"column":29},"end":{"line":10,"column":5}}},"2":{"name":"(anonymous_2)","decl":{"start":{"line":11,"column":41},"end":{"line":11,"column":42}},"loc":{"start":{"line":11,"column":64},"end":{"line":37,"column":5}}},"3":{"name":"(anonymous_3)","decl":{"start":{"line":13,"column":27},"end":{"line":13,"column":28}},"loc":{"start":{"line":13,"column":54},"end":{"line":36,"column":9}}},"4":{"name":"(anonymous_4)","decl":{"start":{"line":17,"column":30},"end":{"line":17,"column":31}},"loc":{"start":{"line":17,"column":48},"end":{"line":19,"column":21}}},"5":{"name":"(anonymous_5)","decl":{"start":{"line":20,"column":31},"end":{"line":20,"column":32}},"loc":{"start":{"line":20,"column":46},"end":{"line":22,"column":21}}},"6":{"name":"(anonymous_6)","decl":{"start":{"line":26,"column":30},"end":{"line":26,"column":31}},"loc":{"start":{"line":26,"column":48},"end":{"line":28,"column":21}}},"7":{"name":"(anonymous_7)","decl":{"start":{"line":29,"column":31},"end":{"line":29,"column":32}},"loc":{"start":{"line":29,"column":46},"end":{"line":31,"column":21}}},"8":{"name":"(anonymous_8)","decl":{"start":{"line":38,"column":44},"end":{"line":38,"column":45}},"loc":{"start":{"line":38,"column":58},"end":{"line":49,"column":5}}},"9":{"name":"(anonymous_9)","decl":{"start":{"line":40,"column":27},"end":{"line":40,"column":28}},"loc":{"start":{"line":40,"column":54},"end":{"line":48,"column":9}}},"10":{"name":"(anonymous_10)","decl":{"start":{"line":42,"column":22},"end":{"line":42,"column":23}},"loc":{"start":{"line":42,"column":40},"end":{"line":44,"column":13}}},"11":{"name":"(anonymous_11)","decl":{"start":{"line":45,"column":23},"end":{"line":45,"column":24}},"loc":{"start":{"line":45,"column":38},"end":{"line":47,"column":13}}},"12":{"name":"(anonymous_12)","decl":{"start":{"line":50,"column":43},"end":{"line":50,"column":44}},"loc":{"start":{"line":50,"column":60},"end":{"line":61,"column":5}}},"13":{"name":"(anonymous_13)","decl":{"start":{"line":52,"column":27},"end":{"line":52,"column":28}},"loc":{"start":{"line":52,"column":54},"end":{"line":60,"column":9}}},"14":{"name":"(anonymous_14)","decl":{"start":{"line":54,"column":22},"end":{"line":54,"column":23}},"loc":{"start":{"line":54,"column":40},"end":{"line":56,"column":13}}},"15":{"name":"(anonymous_15)","decl":{"start":{"line":57,"column":23},"end":{"line":57,"column":24}},"loc":{"start":{"line":57,"column":38},"end":{"line":59,"column":13}}},"16":{"name":"(anonymous_16)","decl":{"start":{"line":62,"column":39},"end":{"line":62,"column":40}},"loc":{"start":{"line":62,"column":53},"end":{"line":65,"column":5}}}},"branchMap":{"0":{"loc":{"start":{"line":14,"column":12},"end":{"line":35,"column":13}},"type":"switch","locations":[{"start":{"line":15,"column":16},"end":{"line":23,"column":26}},{"start":{"line":24,"column":16},"end":{"line":32,"column":26}},{"start":{"line":33,"column":16},"end":{"line":34,"column":100}}]}},"s":{"0":1,"1":1,"2":1,"3":1,"4":14,"5":14,"6":14,"7":1,"8":21,"9":21,"10":21,"11":13,"12":11,"13":2,"14":13,"15":5,"16":4,"17":1,"18":5,"19":3,"20":1,"21":18,"22":18,"23":18,"24":14,"25":4,"26":1,"27":72,"28":72,"29":72,"30":27,"31":45,"32":1,"33":35,"34":35,"35":1,"36":1,"37":1},"f":{"0":1,"1":14,"2":21,"3":21,"4":11,"5":2,"6":4,"7":1,"8":18,"9":18,"10":14,"11":4,"12":72,"13":72,"14":27,"15":45,"16":35},"b":{"0":[13,5,3]},"_coverageSchema":"332fd63041d2c1bcb487cc26dd0d5f7d97098a6c","hash":"959bf48b4f2bb51a98ba271ec4d760366c91dd4e","contentHash":"b67dc37237f5f24d9ba84546a7c4e41a_10.0.0"},"C:\\Users\\Axiaz\\cpsc310\\d3\\src\\controller\\DataController.js":{"path":"C:\\Users\\Axiaz\\cpsc310\\d3\\src\\controller\\DataController.js","statementMap":{"0":{"start":{"line":2,"column":15},"end":{"line":2,"column":34}},"1":{"start":{"line":3,"column":13},"end":{"line":3,"column":28}},"2":{"start":{"line":4,"column":13},"end":{"line":4,"column":30}},"3":{"start":{"line":5,"column":9},"end":{"line":5,"column":22}},"4":{"start":{"line":6,"column":12},"end":{"line":6,"column":28}},"5":{"start":{"line":7,"column":11},"end":{"line":7,"column":26}},"6":{"start":{"line":8,"column":16},"end":{"line":8,"column":18}},"7":{"start":{"line":9,"column":12},"end":{"line":9,"column":13}},"8":{"start":{"line":10,"column":22},"end":{"line":518,"column":3}},"9":{"start":{"line":12,"column":8},"end":{"line":12,"column":32}},"10":{"start":{"line":13,"column":8},"end":{"line":13,"column":30}},"11":{"start":{"line":15,"column":4},"end":{"line":40,"column":6}},"12":{"start":{"line":16,"column":23},"end":{"line":16,"column":27}},"13":{"start":{"line":17,"column":17},"end":{"line":17,"column":26}},"14":{"start":{"line":18,"column":8},"end":{"line":39,"column":11}},"15":{"start":{"line":19,"column":12},"end":{"line":38,"column":15}},"16":{"start":{"line":21,"column":16},"end":{"line":21,"column":71}},"17":{"start":{"line":24,"column":16},"end":{"line":24,"column":71}},"18":{"start":{"line":27,"column":16},"end":{"line":27,"column":65}},"19":{"start":{"line":30,"column":16},"end":{"line":30,"column":50}},"20":{"start":{"line":31,"column":16},"end":{"line":31,"column":81}},"21":{"start":{"line":34,"column":16},"end":{"line":34,"column":32}},"22":{"start":{"line":37,"column":16},"end":{"line":37,"column":28}},"23":{"start":{"line":41,"column":4},"end":{"line":52,"column":6}},"24":{"start":{"line":42,"column":8},"end":{"line":51,"column":11}},"25":{"start":{"line":43,"column":22},"end":{"line":43,"column":33}},"26":{"start":{"line":44,"column":12},"end":{"line":50,"column":15}},"27":{"start":{"line":46,"column":16},"end":{"line":46,"column":32}},"28":{"start":{"line":49,"column":16},"end":{"line":49,"column":96}},"29":{"start":{"line":53,"column":4},"end":{"line":62,"column":6}},"30":{"start":{"line":54,"column":34},"end":{"line":54,"column":36}},"31":{"start":{"line":55,"column":8},"end":{"line":60,"column":9}},"32":{"start":{"line":56,"column":23},"end":{"line":56,"column":49}},"33":{"start":{"line":57,"column":12},"end":{"line":59,"column":13}},"34":{"start":{"line":58,"column":16},"end":{"line":58,"column":63}},"35":{"start":{"line":61,"column":8},"end":{"line":61,"column":35}},"36":{"start":{"line":63,"column":4},"end":{"line":81,"column":6}},"37":{"start":{"line":64,"column":8},"end":{"line":80,"column":11}},"38":{"start":{"line":65,"column":33},"end":{"line":65,"column":35}},"39":{"start":{"line":66,"column":12},"end":{"line":73,"column":13}},"40":{"start":{"line":67,"column":34},"end":{"line":67,"column":59}},"41":{"start":{"line":68,"column":16},"end":{"line":72,"column":17}},"42":{"start":{"line":69,"column":20},"end":{"line":69,"column":65}},"43":{"start":{"line":74,"column":12},"end":{"line":79,"column":13}},"44":{"start":{"line":75,"column":16},"end":{"line":75,"column":92}},"45":{"start":{"line":78,"column":16},"end":{"line":78,"column":40}},"46":{"start":{"line":82,"column":4},"end":{"line":105,"column":6}},"47":{"start":{"line":83,"column":26},"end":{"line":83,"column":28}},"48":{"start":{"line":84,"column":8},"end":{"line":104,"column":11}},"49":{"start":{"line":85,"column":12},"end":{"line":97,"column":13}},"50":{"start":{"line":86,"column":30},"end":{"line":86,"column":50}},"51":{"start":{"line":87,"column":40},"end":{"line":87,"column":54}},"52":{"start":{"line":88,"column":16},"end":{"line":96,"column":17}},"53":{"start":{"line":89,"column":20},"end":{"line":95,"column":21}},"54":{"start":{"line":90,"column":38},"end":{"line":90,"column":61}},"55":{"start":{"line":91,"column":35},"end":{"line":91,"column":57}},"56":{"start":{"line":92,"column":24},"end":{"line":93,"column":40}},"57":{"start":{"line":93,"column":28},"end":{"line":93,"column":40}},"58":{"start":{"line":94,"column":24},"end":{"line":94,"column":215}},"59":{"start":{"line":98,"column":12},"end":{"line":103,"column":13}},"60":{"start":{"line":99,"column":16},"end":{"line":99,"column":92}},"61":{"start":{"line":102,"column":16},"end":{"line":102,"column":37}},"62":{"start":{"line":106,"column":4},"end":{"line":136,"column":6}},"63":{"start":{"line":107,"column":8},"end":{"line":107,"column":29}},"64":{"start":{"line":108,"column":23},"end":{"line":108,"column":27}},"65":{"start":{"line":109,"column":17},"end":{"line":109,"column":24}},"66":{"start":{"line":110,"column":8},"end":{"line":135,"column":11}},"67":{"start":{"line":111,"column":12},"end":{"line":134,"column":15}},"68":{"start":{"line":113,"column":16},"end":{"line":113,"column":81}},"69":{"start":{"line":116,"column":16},"end":{"line":116,"column":64}},"70":{"start":{"line":118,"column":16},"end":{"line":118,"column":55}},"71":{"start":{"line":119,"column":16},"end":{"line":119,"column":54}},"72":{"start":{"line":121,"column":16},"end":{"line":121,"column":52}},"73":{"start":{"line":122,"column":16},"end":{"line":122,"column":51}},"74":{"start":{"line":125,"column":16},"end":{"line":125,"column":55}},"75":{"start":{"line":126,"column":16},"end":{"line":126,"column":49}},"76":{"start":{"line":127,"column":16},"end":{"line":127,"column":82}},"77":{"start":{"line":130,"column":16},"end":{"line":130,"column":32}},"78":{"start":{"line":133,"column":16},"end":{"line":133,"column":28}},"79":{"start":{"line":137,"column":4},"end":{"line":152,"column":6}},"80":{"start":{"line":138,"column":23},"end":{"line":138,"column":25}},"81":{"start":{"line":139,"column":23},"end":{"line":139,"column":27}},"82":{"start":{"line":140,"column":8},"end":{"line":150,"column":9}},"83":{"start":{"line":141,"column":23},"end":{"line":141,"column":49}},"84":{"start":{"line":142,"column":12},"end":{"line":146,"column":13}},"85":{"start":{"line":143,"column":16},"end":{"line":145,"column":17}},"86":{"start":{"line":144,"column":20},"end":{"line":144,"column":95}},"87":{"start":{"line":147,"column":12},"end":{"line":149,"column":13}},"88":{"start":{"line":148,"column":16},"end":{"line":148,"column":52}},"89":{"start":{"line":151,"column":8},"end":{"line":151,"column":24}},"90":{"start":{"line":153,"column":4},"end":{"line":185,"column":6}},"91":{"start":{"line":154,"column":23},"end":{"line":154,"column":27}},"92":{"start":{"line":155,"column":28},"end":{"line":155,"column":30}},"93":{"start":{"line":156,"column":24},"end":{"line":156,"column":26}},"94":{"start":{"line":157,"column":19},"end":{"line":157,"column":21}},"95":{"start":{"line":158,"column":8},"end":{"line":184,"column":11}},"96":{"start":{"line":159,"column":12},"end":{"line":163,"column":13}},"97":{"start":{"line":160,"column":27},"end":{"line":160,"column":38}},"98":{"start":{"line":161,"column":16},"end":{"line":162,"column":59}},"99":{"start":{"line":162,"column":20},"end":{"line":162,"column":59}},"100":{"start":{"line":164,"column":26},"end":{"line":172,"column":13}},"101":{"start":{"line":165,"column":16},"end":{"line":171,"column":20}},"102":{"start":{"line":167,"column":20},"end":{"line":167,"column":40}},"103":{"start":{"line":170,"column":20},"end":{"line":170,"column":37}},"104":{"start":{"line":173,"column":12},"end":{"line":176,"column":13}},"105":{"start":{"line":174,"column":27},"end":{"line":174,"column":46}},"106":{"start":{"line":175,"column":16},"end":{"line":175,"column":30}},"107":{"start":{"line":177,"column":12},"end":{"line":183,"column":15}},"108":{"start":{"line":179,"column":16},"end":{"line":179,"column":30}},"109":{"start":{"line":182,"column":16},"end":{"line":182,"column":28}},"110":{"start":{"line":186,"column":4},"end":{"line":216,"column":6}},"111":{"start":{"line":187,"column":8},"end":{"line":215,"column":11}},"112":{"start":{"line":188,"column":12},"end":{"line":188,"column":41}},"113":{"start":{"line":189,"column":22},"end":{"line":189,"column":77}},"114":{"start":{"line":190,"column":26},"end":{"line":200,"column":13}},"115":{"start":{"line":201,"column":12},"end":{"line":214,"column":21}},"116":{"start":{"line":202,"column":27},"end":{"line":202,"column":29}},"117":{"start":{"line":203,"column":16},"end":{"line":205,"column":19}},"118":{"start":{"line":204,"column":20},"end":{"line":204,"column":47}},"119":{"start":{"line":206,"column":16},"end":{"line":208,"column":19}},"120":{"start":{"line":207,"column":20},"end":{"line":207,"column":46}},"121":{"start":{"line":209,"column":16},"end":{"line":213,"column":19}},"122":{"start":{"line":210,"column":20},"end":{"line":210,"column":38}},"123":{"start":{"line":211,"column":20},"end":{"line":211,"column":37}},"124":{"start":{"line":212,"column":20},"end":{"line":212,"column":32}},"125":{"start":{"line":217,"column":4},"end":{"line":223,"column":6}},"126":{"start":{"line":218,"column":8},"end":{"line":222,"column":9}},"127":{"start":{"line":219,"column":23},"end":{"line":219,"column":38}},"128":{"start":{"line":220,"column":12},"end":{"line":220,"column":64}},"129":{"start":{"line":221,"column":12},"end":{"line":221,"column":64}},"130":{"start":{"line":224,"column":4},"end":{"line":247,"column":6}},"131":{"start":{"line":225,"column":23},"end":{"line":225,"column":27}},"132":{"start":{"line":226,"column":8},"end":{"line":246,"column":11}},"133":{"start":{"line":227,"column":33},"end":{"line":227,"column":35}},"134":{"start":{"line":228,"column":12},"end":{"line":235,"column":13}},"135":{"start":{"line":229,"column":34},"end":{"line":229,"column":59}},"136":{"start":{"line":230,"column":26},"end":{"line":234,"column":18}},"137":{"start":{"line":231,"column":20},"end":{"line":231,"column":47}},"138":{"start":{"line":233,"column":20},"end":{"line":233,"column":37}},"139":{"start":{"line":236,"column":12},"end":{"line":245,"column":15}},"140":{"start":{"line":237,"column":16},"end":{"line":242,"column":17}},"141":{"start":{"line":238,"column":20},"end":{"line":238,"column":96}},"142":{"start":{"line":241,"column":20},"end":{"line":241,"column":39}},"143":{"start":{"line":244,"column":16},"end":{"line":244,"column":77}},"144":{"start":{"line":248,"column":4},"end":{"line":305,"column":6}},"145":{"start":{"line":249,"column":23},"end":{"line":249,"column":27}},"146":{"start":{"line":250,"column":21},"end":{"line":250,"column":38}},"147":{"start":{"line":251,"column":21},"end":{"line":251,"column":65}},"148":{"start":{"line":252,"column":22},"end":{"line":252,"column":27}},"149":{"start":{"line":253,"column":19},"end":{"line":253,"column":24}},"150":{"start":{"line":255,"column":8},"end":{"line":304,"column":11}},"151":{"start":{"line":256,"column":27},"end":{"line":256,"column":53}},"152":{"start":{"line":257,"column":20},"end":{"line":257,"column":34}},"153":{"start":{"line":258,"column":12},"end":{"line":258,"column":28}},"154":{"start":{"line":259,"column":12},"end":{"line":259,"column":25}},"155":{"start":{"line":260,"column":12},"end":{"line":260,"column":34}},"156":{"start":{"line":261,"column":12},"end":{"line":261,"column":27}},"157":{"start":{"line":263,"column":12},"end":{"line":273,"column":15}},"158":{"start":{"line":264,"column":16},"end":{"line":272,"column":17}},"159":{"start":{"line":265,"column":20},"end":{"line":266,"column":39}},"160":{"start":{"line":266,"column":24},"end":{"line":266,"column":39}},"161":{"start":{"line":267,"column":20},"end":{"line":268,"column":36}},"162":{"start":{"line":268,"column":24},"end":{"line":268,"column":36}},"163":{"start":{"line":269,"column":20},"end":{"line":271,"column":21}},"164":{"start":{"line":270,"column":24},"end":{"line":270,"column":53}},"165":{"start":{"line":274,"column":12},"end":{"line":282,"column":15}},"166":{"start":{"line":275,"column":16},"end":{"line":276,"column":33}},"167":{"start":{"line":276,"column":20},"end":{"line":276,"column":33}},"168":{"start":{"line":277,"column":16},"end":{"line":281,"column":17}},"169":{"start":{"line":278,"column":20},"end":{"line":278,"column":33}},"170":{"start":{"line":279,"column":20},"end":{"line":279,"column":36}},"171":{"start":{"line":280,"column":20},"end":{"line":280,"column":39}},"172":{"start":{"line":283,"column":12},"end":{"line":284,"column":15}},"173":{"start":{"line":285,"column":12},"end":{"line":286,"column":15}},"174":{"start":{"line":287,"column":12},"end":{"line":303,"column":15}},"175":{"start":{"line":288,"column":16},"end":{"line":288,"column":33}},"176":{"start":{"line":289,"column":16},"end":{"line":302,"column":17}},"177":{"start":{"line":290,"column":20},"end":{"line":301,"column":21}},"178":{"start":{"line":291,"column":24},"end":{"line":300,"column":25}},"179":{"start":{"line":292,"column":28},"end":{"line":298,"column":29}},"180":{"start":{"line":293,"column":32},"end":{"line":296,"column":33}},"181":{"start":{"line":295,"column":36},"end":{"line":295,"column":57}},"182":{"start":{"line":297,"column":32},"end":{"line":297,"column":64}},"183":{"start":{"line":299,"column":28},"end":{"line":299,"column":80}},"184":{"start":{"line":306,"column":4},"end":{"line":358,"column":6}},"185":{"start":{"line":307,"column":8},"end":{"line":310,"column":9}},"186":{"start":{"line":309,"column":12},"end":{"line":309,"column":24}},"187":{"start":{"line":311,"column":8},"end":{"line":313,"column":9}},"188":{"start":{"line":312,"column":12},"end":{"line":312,"column":24}},"189":{"start":{"line":314,"column":8},"end":{"line":321,"column":9}},"190":{"start":{"line":315,"column":12},"end":{"line":317,"column":13}},"191":{"start":{"line":316,"column":16},"end":{"line":316,"column":95}},"192":{"start":{"line":318,"column":12},"end":{"line":318,"column":46}},"193":{"start":{"line":319,"column":12},"end":{"line":319,"column":38}},"194":{"start":{"line":320,"column":12},"end":{"line":320,"column":24}},"195":{"start":{"line":322,"column":8},"end":{"line":331,"column":9}},"196":{"start":{"line":323,"column":12},"end":{"line":323,"column":41}},"197":{"start":{"line":324,"column":12},"end":{"line":326,"column":13}},"198":{"start":{"line":325,"column":16},"end":{"line":325,"column":95}},"199":{"start":{"line":327,"column":12},"end":{"line":327,"column":81}},"200":{"start":{"line":328,"column":12},"end":{"line":328,"column":98}},"201":{"start":{"line":329,"column":12},"end":{"line":329,"column":77}},"202":{"start":{"line":330,"column":12},"end":{"line":330,"column":24}},"203":{"start":{"line":332,"column":8},"end":{"line":334,"column":9}},"204":{"start":{"line":333,"column":12},"end":{"line":333,"column":91}},"205":{"start":{"line":335,"column":8},"end":{"line":357,"column":9}},"206":{"start":{"line":337,"column":16},"end":{"line":337,"column":49}},"207":{"start":{"line":338,"column":16},"end":{"line":338,"column":28}},"208":{"start":{"line":340,"column":16},"end":{"line":340,"column":43}},"209":{"start":{"line":341,"column":16},"end":{"line":341,"column":28}},"210":{"start":{"line":343,"column":16},"end":{"line":343,"column":38}},"211":{"start":{"line":344,"column":16},"end":{"line":344,"column":28}},"212":{"start":{"line":346,"column":16},"end":{"line":346,"column":41}},"213":{"start":{"line":347,"column":16},"end":{"line":347,"column":28}},"214":{"start":{"line":349,"column":16},"end":{"line":349,"column":43}},"215":{"start":{"line":350,"column":16},"end":{"line":350,"column":28}},"216":{"start":{"line":354,"column":16},"end":{"line":354,"column":28}},"217":{"start":{"line":356,"column":16},"end":{"line":356,"column":89}},"218":{"start":{"line":359,"column":4},"end":{"line":371,"column":6}},"219":{"start":{"line":360,"column":8},"end":{"line":361,"column":40}},"220":{"start":{"line":361,"column":12},"end":{"line":361,"column":40}},"221":{"start":{"line":362,"column":8},"end":{"line":369,"column":9}},"222":{"start":{"line":363,"column":12},"end":{"line":365,"column":13}},"223":{"start":{"line":364,"column":16},"end":{"line":364,"column":35}},"224":{"start":{"line":366,"column":12},"end":{"line":368,"column":13}},"225":{"start":{"line":367,"column":16},"end":{"line":367,"column":36}},"226":{"start":{"line":370,"column":8},"end":{"line":370,"column":36}},"227":{"start":{"line":372,"column":4},"end":{"line":405,"column":6}},"228":{"start":{"line":373,"column":8},"end":{"line":404,"column":11}},"229":{"start":{"line":374,"column":23},"end":{"line":374,"column":25}},"230":{"start":{"line":375,"column":12},"end":{"line":381,"column":13}},"231":{"start":{"line":376,"column":16},"end":{"line":380,"column":17}},"232":{"start":{"line":377,"column":20},"end":{"line":377,"column":40}},"233":{"start":{"line":378,"column":20},"end":{"line":378,"column":39}},"234":{"start":{"line":379,"column":20},"end":{"line":379,"column":26}},"235":{"start":{"line":382,"column":26},"end":{"line":382,"column":31}},"236":{"start":{"line":383,"column":12},"end":{"line":402,"column":13}},"237":{"start":{"line":384,"column":16},"end":{"line":384,"column":32}},"238":{"start":{"line":385,"column":16},"end":{"line":393,"column":17}},"239":{"start":{"line":386,"column":20},"end":{"line":386,"column":35}},"240":{"start":{"line":387,"column":20},"end":{"line":392,"column":21}},"241":{"start":{"line":388,"column":24},"end":{"line":388,"column":71}},"242":{"start":{"line":389,"column":24},"end":{"line":389,"column":73}},"243":{"start":{"line":390,"column":24},"end":{"line":390,"column":63}},"244":{"start":{"line":391,"column":24},"end":{"line":391,"column":63}},"245":{"start":{"line":394,"column":16},"end":{"line":401,"column":17}},"246":{"start":{"line":395,"column":20},"end":{"line":395,"column":39}},"247":{"start":{"line":396,"column":20},"end":{"line":396,"column":26}},"248":{"start":{"line":398,"column":21},"end":{"line":401,"column":17}},"249":{"start":{"line":399,"column":20},"end":{"line":399,"column":39}},"250":{"start":{"line":400,"column":20},"end":{"line":400,"column":26}},"251":{"start":{"line":403,"column":12},"end":{"line":403,"column":27}},"252":{"start":{"line":406,"column":4},"end":{"line":428,"column":6}},"253":{"start":{"line":407,"column":17},"end":{"line":407,"column":30}},"254":{"start":{"line":408,"column":19},"end":{"line":408,"column":29}},"255":{"start":{"line":409,"column":19},"end":{"line":409,"column":22}},"256":{"start":{"line":410,"column":8},"end":{"line":427,"column":11}},"257":{"start":{"line":411,"column":12},"end":{"line":413,"column":13}},"258":{"start":{"line":412,"column":16},"end":{"line":412,"column":35}},"259":{"start":{"line":414,"column":12},"end":{"line":414,"column":35}},"260":{"start":{"line":415,"column":12},"end":{"line":418,"column":13}},"261":{"start":{"line":416,"column":16},"end":{"line":416,"column":27}},"262":{"start":{"line":417,"column":16},"end":{"line":417,"column":35}},"263":{"start":{"line":419,"column":12},"end":{"line":419,"column":39}},"264":{"start":{"line":420,"column":12},"end":{"line":426,"column":15}},"265":{"start":{"line":421,"column":16},"end":{"line":425,"column":17}},"266":{"start":{"line":424,"column":20},"end":{"line":424,"column":58}},"267":{"start":{"line":429,"column":4},"end":{"line":457,"column":6}},"268":{"start":{"line":430,"column":23},"end":{"line":430,"column":27}},"269":{"start":{"line":431,"column":19},"end":{"line":431,"column":40}},"270":{"start":{"line":432,"column":8},"end":{"line":456,"column":11}},"271":{"start":{"line":433,"column":12},"end":{"line":442,"column":13}},"272":{"start":{"line":435,"column":20},"end":{"line":435,"column":54}},"273":{"start":{"line":436,"column":20},"end":{"line":436,"column":26}},"274":{"start":{"line":438,"column":20},"end":{"line":438,"column":52}},"275":{"start":{"line":439,"column":20},"end":{"line":439,"column":26}},"276":{"start":{"line":441,"column":20},"end":{"line":441,"column":94}},"277":{"start":{"line":443,"column":12},"end":{"line":455,"column":15}},"278":{"start":{"line":445,"column":16},"end":{"line":445,"column":75}},"279":{"start":{"line":448,"column":16},"end":{"line":448,"column":54}},"280":{"start":{"line":451,"column":16},"end":{"line":451,"column":33}},"281":{"start":{"line":454,"column":16},"end":{"line":454,"column":28}},"282":{"start":{"line":458,"column":4},"end":{"line":469,"column":6}},"283":{"start":{"line":459,"column":8},"end":{"line":468,"column":11}},"284":{"start":{"line":460,"column":12},"end":{"line":467,"column":15}},"285":{"start":{"line":461,"column":16},"end":{"line":466,"column":17}},"286":{"start":{"line":462,"column":20},"end":{"line":462,"column":94}},"287":{"start":{"line":465,"column":20},"end":{"line":465,"column":35}},"288":{"start":{"line":470,"column":4},"end":{"line":486,"column":6}},"289":{"start":{"line":471,"column":22},"end":{"line":471,"column":24}},"290":{"start":{"line":472,"column":22},"end":{"line":480,"column":9}},"291":{"start":{"line":473,"column":12},"end":{"line":479,"column":16}},"292":{"start":{"line":474,"column":16},"end":{"line":478,"column":19}},"293":{"start":{"line":475,"column":20},"end":{"line":476,"column":21}},"294":{"start":{"line":477,"column":20},"end":{"line":477,"column":53}},"295":{"start":{"line":481,"column":8},"end":{"line":484,"column":9}},"296":{"start":{"line":482,"column":23},"end":{"line":482,"column":34}},"297":{"start":{"line":483,"column":12},"end":{"line":483,"column":26}},"298":{"start":{"line":485,"column":8},"end":{"line":485,"column":23}},"299":{"start":{"line":487,"column":4},"end":{"line":495,"column":6}},"300":{"start":{"line":488,"column":8},"end":{"line":494,"column":11}},"301":{"start":{"line":489,"column":12},"end":{"line":493,"column":15}},"302":{"start":{"line":490,"column":16},"end":{"line":491,"column":17}},"303":{"start":{"line":492,"column":16},"end":{"line":492,"column":49}},"304":{"start":{"line":496,"column":4},"end":{"line":516,"column":6}},"305":{"start":{"line":497,"column":23},"end":{"line":497,"column":27}},"306":{"start":{"line":498,"column":23},"end":{"line":498,"column":59}},"307":{"start":{"line":499,"column":8},"end":{"line":515,"column":9}},"308":{"start":{"line":500,"column":12},"end":{"line":511,"column":13}},"309":{"start":{"line":502,"column":20},"end":{"line":503,"column":95}},"310":{"start":{"line":503,"column":24},"end":{"line":503,"column":95}},"311":{"start":{"line":504,"column":20},"end":{"line":504,"column":50}},"312":{"start":{"line":506,"column":20},"end":{"line":507,"column":93}},"313":{"start":{"line":507,"column":24},"end":{"line":507,"column":93}},"314":{"start":{"line":508,"column":20},"end":{"line":508,"column":48}},"315":{"start":{"line":510,"column":20},"end":{"line":510,"column":67}},"316":{"start":{"line":514,"column":12},"end":{"line":514,"column":59}},"317":{"start":{"line":517,"column":4},"end":{"line":517,"column":26}},"318":{"start":{"line":519,"column":0},"end":{"line":519,"column":62}},"319":{"start":{"line":520,"column":0},"end":{"line":520,"column":33}}},"fnMap":{"0":{"name":"(anonymous_0)","decl":{"start":{"line":10,"column":22},"end":{"line":10,"column":23}},"loc":{"start":{"line":10,"column":34},"end":{"line":518,"column":1}}},"1":{"name":"DataController","decl":{"start":{"line":11,"column":13},"end":{"line":11,"column":27}},"loc":{"start":{"line":11,"column":30},"end":{"line":14,"column":5}}},"2":{"name":"(anonymous_2)","decl":{"start":{"line":15,"column":42},"end":{"line":15,"column":43}},"loc":{"start":{"line":15,"column":61},"end":{"line":40,"column":5}}},"3":{"name":"(anonymous_3)","decl":{"start":{"line":18,"column":27},"end":{"line":18,"column":28}},"loc":{"start":{"line":18,"column":54},"end":{"line":39,"column":9}}},"4":{"name":"(anonymous_4)","decl":{"start":{"line":20,"column":22},"end":{"line":20,"column":23}},"loc":{"start":{"line":20,"column":45},"end":{"line":22,"column":13}}},"5":{"name":"(anonymous_5)","decl":{"start":{"line":23,"column":22},"end":{"line":23,"column":23}},"loc":{"start":{"line":23,"column":53},"end":{"line":25,"column":13}}},"6":{"name":"(anonymous_6)","decl":{"start":{"line":26,"column":22},"end":{"line":26,"column":23}},"loc":{"start":{"line":26,"column":48},"end":{"line":28,"column":13}}},"7":{"name":"(anonymous_7)","decl":{"start":{"line":29,"column":22},"end":{"line":29,"column":23}},"loc":{"start":{"line":29,"column":42},"end":{"line":32,"column":13}}},"8":{"name":"(anonymous_8)","decl":{"start":{"line":33,"column":22},"end":{"line":33,"column":23}},"loc":{"start":{"line":33,"column":40},"end":{"line":35,"column":13}}},"9":{"name":"(anonymous_9)","decl":{"start":{"line":36,"column":23},"end":{"line":36,"column":24}},"loc":{"start":{"line":36,"column":38},"end":{"line":38,"column":13}}},"10":{"name":"(anonymous_10)","decl":{"start":{"line":41,"column":42},"end":{"line":41,"column":43}},"loc":{"start":{"line":41,"column":61},"end":{"line":52,"column":5}}},"11":{"name":"(anonymous_11)","decl":{"start":{"line":42,"column":27},"end":{"line":42,"column":28}},"loc":{"start":{"line":42,"column":54},"end":{"line":51,"column":9}}},"12":{"name":"(anonymous_12)","decl":{"start":{"line":45,"column":22},"end":{"line":45,"column":23}},"loc":{"start":{"line":45,"column":40},"end":{"line":47,"column":13}}},"13":{"name":"(anonymous_13)","decl":{"start":{"line":48,"column":23},"end":{"line":48,"column":24}},"loc":{"start":{"line":48,"column":38},"end":{"line":50,"column":13}}},"14":{"name":"(anonymous_14)","decl":{"start":{"line":53,"column":44},"end":{"line":53,"column":45}},"loc":{"start":{"line":53,"column":67},"end":{"line":62,"column":5}}},"15":{"name":"(anonymous_15)","decl":{"start":{"line":63,"column":49},"end":{"line":63,"column":50}},"loc":{"start":{"line":63,"column":80},"end":{"line":81,"column":5}}},"16":{"name":"(anonymous_16)","decl":{"start":{"line":64,"column":27},"end":{"line":64,"column":28}},"loc":{"start":{"line":64,"column":54},"end":{"line":80,"column":9}}},"17":{"name":"(anonymous_17)","decl":{"start":{"line":82,"column":48},"end":{"line":82,"column":49}},"loc":{"start":{"line":82,"column":74},"end":{"line":105,"column":5}}},"18":{"name":"(anonymous_18)","decl":{"start":{"line":84,"column":27},"end":{"line":84,"column":28}},"loc":{"start":{"line":84,"column":54},"end":{"line":104,"column":9}}},"19":{"name":"(anonymous_19)","decl":{"start":{"line":106,"column":40},"end":{"line":106,"column":41}},"loc":{"start":{"line":106,"column":59},"end":{"line":136,"column":5}}},"20":{"name":"(anonymous_20)","decl":{"start":{"line":110,"column":27},"end":{"line":110,"column":28}},"loc":{"start":{"line":110,"column":54},"end":{"line":135,"column":9}}},"21":{"name":"(anonymous_21)","decl":{"start":{"line":112,"column":22},"end":{"line":112,"column":23}},"loc":{"start":{"line":112,"column":45},"end":{"line":114,"column":13}}},"22":{"name":"(anonymous_22)","decl":{"start":{"line":115,"column":22},"end":{"line":115,"column":23}},"loc":{"start":{"line":115,"column":46},"end":{"line":117,"column":13}}},"23":{"name":"(anonymous_23)","decl":{"start":{"line":117,"column":20},"end":{"line":117,"column":21}},"loc":{"start":{"line":117,"column":37},"end":{"line":120,"column":13}}},"24":{"name":"(anonymous_24)","decl":{"start":{"line":120,"column":20},"end":{"line":120,"column":21}},"loc":{"start":{"line":120,"column":37},"end":{"line":123,"column":13}}},"25":{"name":"(anonymous_25)","decl":{"start":{"line":124,"column":22},"end":{"line":124,"column":23}},"loc":{"start":{"line":124,"column":44},"end":{"line":128,"column":13}}},"26":{"name":"(anonymous_26)","decl":{"start":{"line":129,"column":22},"end":{"line":129,"column":23}},"loc":{"start":{"line":129,"column":40},"end":{"line":131,"column":13}}},"27":{"name":"(anonymous_27)","decl":{"start":{"line":132,"column":23},"end":{"line":132,"column":24}},"loc":{"start":{"line":132,"column":38},"end":{"line":134,"column":13}}},"28":{"name":"(anonymous_28)","decl":{"start":{"line":137,"column":54},"end":{"line":137,"column":55}},"loc":{"start":{"line":137,"column":77},"end":{"line":152,"column":5}}},"29":{"name":"(anonymous_29)","decl":{"start":{"line":153,"column":43},"end":{"line":153,"column":44}},"loc":{"start":{"line":153,"column":60},"end":{"line":185,"column":5}}},"30":{"name":"(anonymous_30)","decl":{"start":{"line":158,"column":27},"end":{"line":158,"column":28}},"loc":{"start":{"line":158,"column":54},"end":{"line":184,"column":9}}},"31":{"name":"(anonymous_31)","decl":{"start":{"line":164,"column":26},"end":{"line":164,"column":27}},"loc":{"start":{"line":164,"column":42},"end":{"line":172,"column":13}}},"32":{"name":"(anonymous_32)","decl":{"start":{"line":166,"column":26},"end":{"line":166,"column":27}},"loc":{"start":{"line":166,"column":44},"end":{"line":168,"column":17}}},"33":{"name":"(anonymous_33)","decl":{"start":{"line":169,"column":27},"end":{"line":169,"column":28}},"loc":{"start":{"line":169,"column":42},"end":{"line":171,"column":17}}},"34":{"name":"(anonymous_34)","decl":{"start":{"line":178,"column":22},"end":{"line":178,"column":23}},"loc":{"start":{"line":178,"column":40},"end":{"line":180,"column":13}}},"35":{"name":"(anonymous_35)","decl":{"start":{"line":181,"column":23},"end":{"line":181,"column":24}},"loc":{"start":{"line":181,"column":38},"end":{"line":183,"column":13}}},"36":{"name":"(anonymous_36)","decl":{"start":{"line":186,"column":45},"end":{"line":186,"column":46}},"loc":{"start":{"line":186,"column":64},"end":{"line":216,"column":5}}},"37":{"name":"(anonymous_37)","decl":{"start":{"line":187,"column":27},"end":{"line":187,"column":28}},"loc":{"start":{"line":187,"column":54},"end":{"line":215,"column":9}}},"38":{"name":"(anonymous_38)","decl":{"start":{"line":201,"column":26},"end":{"line":201,"column":27}},"loc":{"start":{"line":201,"column":41},"end":{"line":214,"column":13}}},"39":{"name":"(anonymous_39)","decl":{"start":{"line":203,"column":31},"end":{"line":203,"column":32}},"loc":{"start":{"line":203,"column":50},"end":{"line":205,"column":17}}},"40":{"name":"(anonymous_40)","decl":{"start":{"line":206,"column":30},"end":{"line":206,"column":31}},"loc":{"start":{"line":206,"column":42},"end":{"line":208,"column":17}}},"41":{"name":"(anonymous_41)","decl":{"start":{"line":209,"column":32},"end":{"line":209,"column":33}},"loc":{"start":{"line":209,"column":47},"end":{"line":213,"column":17}}},"42":{"name":"(anonymous_42)","decl":{"start":{"line":217,"column":49},"end":{"line":217,"column":50}},"loc":{"start":{"line":217,"column":71},"end":{"line":223,"column":5}}},"43":{"name":"(anonymous_43)","decl":{"start":{"line":224,"column":49},"end":{"line":224,"column":50}},"loc":{"start":{"line":224,"column":80},"end":{"line":247,"column":5}}},"44":{"name":"(anonymous_44)","decl":{"start":{"line":226,"column":27},"end":{"line":226,"column":28}},"loc":{"start":{"line":226,"column":54},"end":{"line":246,"column":9}}},"45":{"name":"(anonymous_45)","decl":{"start":{"line":230,"column":69},"end":{"line":230,"column":70}},"loc":{"start":{"line":230,"column":86},"end":{"line":232,"column":17}}},"46":{"name":"(anonymous_46)","decl":{"start":{"line":232,"column":25},"end":{"line":232,"column":26}},"loc":{"start":{"line":232,"column":40},"end":{"line":234,"column":17}}},"47":{"name":"(anonymous_47)","decl":{"start":{"line":236,"column":36},"end":{"line":236,"column":37}},"loc":{"start":{"line":236,"column":48},"end":{"line":243,"column":13}}},"48":{"name":"(anonymous_48)","decl":{"start":{"line":243,"column":21},"end":{"line":243,"column":22}},"loc":{"start":{"line":243,"column":33},"end":{"line":245,"column":13}}},"49":{"name":"(anonymous_49)","decl":{"start":{"line":248,"column":47},"end":{"line":248,"column":48}},"loc":{"start":{"line":248,"column":66},"end":{"line":305,"column":5}}},"50":{"name":"(anonymous_50)","decl":{"start":{"line":255,"column":27},"end":{"line":255,"column":28}},"loc":{"start":{"line":255,"column":54},"end":{"line":304,"column":9}}},"51":{"name":"(anonymous_51)","decl":{"start":{"line":263,"column":34},"end":{"line":263,"column":35}},"loc":{"start":{"line":263,"column":62},"end":{"line":273,"column":13}}},"52":{"name":"(anonymous_52)","decl":{"start":{"line":274,"column":32},"end":{"line":274,"column":33}},"loc":{"start":{"line":274,"column":47},"end":{"line":282,"column":13}}},"53":{"name":"(anonymous_53)","decl":{"start":{"line":283,"column":33},"end":{"line":283,"column":34}},"loc":{"start":{"line":283,"column":48},"end":{"line":284,"column":13}}},"54":{"name":"(anonymous_54)","decl":{"start":{"line":285,"column":33},"end":{"line":285,"column":34}},"loc":{"start":{"line":285,"column":48},"end":{"line":286,"column":13}}},"55":{"name":"(anonymous_55)","decl":{"start":{"line":287,"column":30},"end":{"line":287,"column":31}},"loc":{"start":{"line":287,"column":45},"end":{"line":303,"column":13}}},"56":{"name":"(anonymous_56)","decl":{"start":{"line":306,"column":47},"end":{"line":306,"column":48}},"loc":{"start":{"line":306,"column":80},"end":{"line":358,"column":5}}},"57":{"name":"(anonymous_57)","decl":{"start":{"line":359,"column":41},"end":{"line":359,"column":42}},"loc":{"start":{"line":359,"column":57},"end":{"line":371,"column":5}}},"58":{"name":"(anonymous_58)","decl":{"start":{"line":372,"column":46},"end":{"line":372,"column":47}},"loc":{"start":{"line":372,"column":63},"end":{"line":405,"column":5}}},"59":{"name":"(anonymous_59)","decl":{"start":{"line":373,"column":27},"end":{"line":373,"column":28}},"loc":{"start":{"line":373,"column":54},"end":{"line":404,"column":9}}},"60":{"name":"(anonymous_60)","decl":{"start":{"line":406,"column":41},"end":{"line":406,"column":42}},"loc":{"start":{"line":406,"column":65},"end":{"line":428,"column":5}}},"61":{"name":"(anonymous_61)","decl":{"start":{"line":410,"column":27},"end":{"line":410,"column":28}},"loc":{"start":{"line":410,"column":54},"end":{"line":427,"column":9}}},"62":{"name":"(anonymous_62)","decl":{"start":{"line":420,"column":41},"end":{"line":420,"column":42}},"loc":{"start":{"line":420,"column":56},"end":{"line":426,"column":13}}},"63":{"name":"(anonymous_63)","decl":{"start":{"line":429,"column":45},"end":{"line":429,"column":46}},"loc":{"start":{"line":429,"column":59},"end":{"line":457,"column":5}}},"64":{"name":"(anonymous_64)","decl":{"start":{"line":432,"column":27},"end":{"line":432,"column":28}},"loc":{"start":{"line":432,"column":54},"end":{"line":456,"column":9}}},"65":{"name":"(anonymous_65)","decl":{"start":{"line":444,"column":22},"end":{"line":444,"column":23}},"loc":{"start":{"line":444,"column":39},"end":{"line":446,"column":13}}},"66":{"name":"(anonymous_66)","decl":{"start":{"line":447,"column":22},"end":{"line":447,"column":23}},"loc":{"start":{"line":447,"column":40},"end":{"line":449,"column":13}}},"67":{"name":"(anonymous_67)","decl":{"start":{"line":450,"column":22},"end":{"line":450,"column":23}},"loc":{"start":{"line":450,"column":41},"end":{"line":452,"column":13}}},"68":{"name":"(anonymous_68)","decl":{"start":{"line":453,"column":23},"end":{"line":453,"column":24}},"loc":{"start":{"line":453,"column":38},"end":{"line":455,"column":13}}},"69":{"name":"(anonymous_69)","decl":{"start":{"line":458,"column":46},"end":{"line":458,"column":47}},"loc":{"start":{"line":458,"column":62},"end":{"line":469,"column":5}}},"70":{"name":"(anonymous_70)","decl":{"start":{"line":459,"column":27},"end":{"line":459,"column":28}},"loc":{"start":{"line":459,"column":54},"end":{"line":468,"column":9}}},"71":{"name":"(anonymous_71)","decl":{"start":{"line":460,"column":29},"end":{"line":460,"column":30}},"loc":{"start":{"line":460,"column":51},"end":{"line":467,"column":13}}},"72":{"name":"(anonymous_72)","decl":{"start":{"line":470,"column":48},"end":{"line":470,"column":49}},"loc":{"start":{"line":470,"column":71},"end":{"line":486,"column":5}}},"73":{"name":"(anonymous_73)","decl":{"start":{"line":472,"column":22},"end":{"line":472,"column":23}},"loc":{"start":{"line":472,"column":38},"end":{"line":480,"column":9}}},"74":{"name":"(anonymous_74)","decl":{"start":{"line":473,"column":37},"end":{"line":473,"column":38}},"loc":{"start":{"line":473,"column":64},"end":{"line":479,"column":13}}},"75":{"name":"(anonymous_75)","decl":{"start":{"line":474,"column":39},"end":{"line":474,"column":40}},"loc":{"start":{"line":474,"column":54},"end":{"line":478,"column":17}}},"76":{"name":"(anonymous_76)","decl":{"start":{"line":487,"column":47},"end":{"line":487,"column":48}},"loc":{"start":{"line":487,"column":63},"end":{"line":495,"column":5}}},"77":{"name":"(anonymous_77)","decl":{"start":{"line":488,"column":27},"end":{"line":488,"column":28}},"loc":{"start":{"line":488,"column":54},"end":{"line":494,"column":9}}},"78":{"name":"(anonymous_78)","decl":{"start":{"line":489,"column":27},"end":{"line":489,"column":28}},"loc":{"start":{"line":489,"column":42},"end":{"line":493,"column":13}}},"79":{"name":"(anonymous_79)","decl":{"start":{"line":496,"column":41},"end":{"line":496,"column":42}},"loc":{"start":{"line":496,"column":55},"end":{"line":516,"column":5}}}},"branchMap":{"0":{"loc":{"start":{"line":57,"column":12},"end":{"line":59,"column":13}},"type":"if","locations":[{"start":{"line":57,"column":12},"end":{"line":59,"column":13}},{"start":{"line":57,"column":12},"end":{"line":59,"column":13}}]},"1":{"loc":{"start":{"line":74,"column":12},"end":{"line":79,"column":13}},"type":"if","locations":[{"start":{"line":74,"column":12},"end":{"line":79,"column":13}},{"start":{"line":74,"column":12},"end":{"line":79,"column":13}}]},"2":{"loc":{"start":{"line":88,"column":16},"end":{"line":96,"column":17}},"type":"if","locations":[{"start":{"line":88,"column":16},"end":{"line":96,"column":17}},{"start":{"line":88,"column":16},"end":{"line":96,"column":17}}]},"3":{"loc":{"start":{"line":92,"column":24},"end":{"line":93,"column":40}},"type":"if","locations":[{"start":{"line":92,"column":24},"end":{"line":93,"column":40}},{"start":{"line":92,"column":24},"end":{"line":93,"column":40}}]},"4":{"loc":{"start":{"line":98,"column":12},"end":{"line":103,"column":13}},"type":"if","locations":[{"start":{"line":98,"column":12},"end":{"line":103,"column":13}},{"start":{"line":98,"column":12},"end":{"line":103,"column":13}}]},"5":{"loc":{"start":{"line":142,"column":12},"end":{"line":146,"column":13}},"type":"if","locations":[{"start":{"line":142,"column":12},"end":{"line":146,"column":13}},{"start":{"line":142,"column":12},"end":{"line":146,"column":13}}]},"6":{"loc":{"start":{"line":142,"column":16},"end":{"line":142,"column":68}},"type":"binary-expr","locations":[{"start":{"line":142,"column":17},"end":{"line":142,"column":46}},{"start":{"line":142,"column":51},"end":{"line":142,"column":68}}]},"7":{"loc":{"start":{"line":147,"column":12},"end":{"line":149,"column":13}},"type":"if","locations":[{"start":{"line":147,"column":12},"end":{"line":149,"column":13}},{"start":{"line":147,"column":12},"end":{"line":149,"column":13}}]},"8":{"loc":{"start":{"line":147,"column":16},"end":{"line":147,"column":75}},"type":"binary-expr","locations":[{"start":{"line":147,"column":16},"end":{"line":147,"column":28}},{"start":{"line":147,"column":32},"end":{"line":147,"column":47}},{"start":{"line":147,"column":51},"end":{"line":147,"column":75}}]},"9":{"loc":{"start":{"line":161,"column":16},"end":{"line":162,"column":59}},"type":"if","locations":[{"start":{"line":161,"column":16},"end":{"line":162,"column":59}},{"start":{"line":161,"column":16},"end":{"line":162,"column":59}}]},"10":{"loc":{"start":{"line":237,"column":16},"end":{"line":242,"column":17}},"type":"if","locations":[{"start":{"line":237,"column":16},"end":{"line":242,"column":17}},{"start":{"line":237,"column":16},"end":{"line":242,"column":17}}]},"11":{"loc":{"start":{"line":264,"column":16},"end":{"line":272,"column":17}},"type":"if","locations":[{"start":{"line":264,"column":16},"end":{"line":272,"column":17}},{"start":{"line":264,"column":16},"end":{"line":272,"column":17}}]},"12":{"loc":{"start":{"line":265,"column":20},"end":{"line":266,"column":39}},"type":"if","locations":[{"start":{"line":265,"column":20},"end":{"line":266,"column":39}},{"start":{"line":265,"column":20},"end":{"line":266,"column":39}}]},"13":{"loc":{"start":{"line":267,"column":20},"end":{"line":268,"column":36}},"type":"if","locations":[{"start":{"line":267,"column":20},"end":{"line":268,"column":36}},{"start":{"line":267,"column":20},"end":{"line":268,"column":36}}]},"14":{"loc":{"start":{"line":267,"column":24},"end":{"line":267,"column":49}},"type":"binary-expr","locations":[{"start":{"line":267,"column":24},"end":{"line":267,"column":38}},{"start":{"line":267,"column":42},"end":{"line":267,"column":49}}]},"15":{"loc":{"start":{"line":269,"column":20},"end":{"line":271,"column":21}},"type":"if","locations":[{"start":{"line":269,"column":20},"end":{"line":271,"column":21}},{"start":{"line":269,"column":20},"end":{"line":271,"column":21}}]},"16":{"loc":{"start":{"line":269,"column":24},"end":{"line":269,"column":55}},"type":"binary-expr","locations":[{"start":{"line":269,"column":24},"end":{"line":269,"column":36}},{"start":{"line":269,"column":40},"end":{"line":269,"column":55}}]},"17":{"loc":{"start":{"line":275,"column":16},"end":{"line":276,"column":33}},"type":"if","locations":[{"start":{"line":275,"column":16},"end":{"line":276,"column":33}},{"start":{"line":275,"column":16},"end":{"line":276,"column":33}}]},"18":{"loc":{"start":{"line":275,"column":20},"end":{"line":275,"column":43}},"type":"binary-expr","locations":[{"start":{"line":275,"column":20},"end":{"line":275,"column":32}},{"start":{"line":275,"column":36},"end":{"line":275,"column":43}}]},"19":{"loc":{"start":{"line":277,"column":16},"end":{"line":281,"column":17}},"type":"if","locations":[{"start":{"line":277,"column":16},"end":{"line":281,"column":17}},{"start":{"line":277,"column":16},"end":{"line":281,"column":17}}]},"20":{"loc":{"start":{"line":289,"column":16},"end":{"line":302,"column":17}},"type":"if","locations":[{"start":{"line":289,"column":16},"end":{"line":302,"column":17}},{"start":{"line":289,"column":16},"end":{"line":302,"column":17}}]},"21":{"loc":{"start":{"line":289,"column":20},"end":{"line":289,"column":51}},"type":"binary-expr","locations":[{"start":{"line":289,"column":20},"end":{"line":289,"column":32}},{"start":{"line":289,"column":36},"end":{"line":289,"column":51}}]},"22":{"loc":{"start":{"line":290,"column":20},"end":{"line":301,"column":21}},"type":"if","locations":[{"start":{"line":290,"column":20},"end":{"line":301,"column":21}},{"start":{"line":290,"column":20},"end":{"line":301,"column":21}}]},"23":{"loc":{"start":{"line":290,"column":24},"end":{"line":290,"column":54}},"type":"binary-expr","locations":[{"start":{"line":290,"column":24},"end":{"line":290,"column":34}},{"start":{"line":290,"column":38},"end":{"line":290,"column":54}}]},"24":{"loc":{"start":{"line":291,"column":24},"end":{"line":300,"column":25}},"type":"if","locations":[{"start":{"line":291,"column":24},"end":{"line":300,"column":25}},{"start":{"line":291,"column":24},"end":{"line":300,"column":25}}]},"25":{"loc":{"start":{"line":292,"column":28},"end":{"line":298,"column":29}},"type":"if","locations":[{"start":{"line":292,"column":28},"end":{"line":298,"column":29}},{"start":{"line":292,"column":28},"end":{"line":298,"column":29}}]},"26":{"loc":{"start":{"line":293,"column":32},"end":{"line":296,"column":33}},"type":"if","locations":[{"start":{"line":293,"column":32},"end":{"line":296,"column":33}},{"start":{"line":293,"column":32},"end":{"line":296,"column":33}}]},"27":{"loc":{"start":{"line":293,"column":36},"end":{"line":294,"column":68}},"type":"binary-expr","locations":[{"start":{"line":293,"column":36},"end":{"line":293,"column":61}},{"start":{"line":293,"column":65},"end":{"line":293,"column":77}},{"start":{"line":294,"column":39},"end":{"line":294,"column":68}}]},"28":{"loc":{"start":{"line":307,"column":8},"end":{"line":310,"column":9}},"type":"if","locations":[{"start":{"line":307,"column":8},"end":{"line":310,"column":9}},{"start":{"line":307,"column":8},"end":{"line":310,"column":9}}]},"29":{"loc":{"start":{"line":307,"column":12},"end":{"line":308,"column":53}},"type":"binary-expr","locations":[{"start":{"line":307,"column":12},"end":{"line":307,"column":24}},{"start":{"line":307,"column":28},"end":{"line":307,"column":52}},{"start":{"line":307,"column":56},"end":{"line":307,"column":74}},{"start":{"line":307,"column":78},"end":{"line":307,"column":108}},{"start":{"line":308,"column":15},"end":{"line":308,"column":26}},{"start":{"line":308,"column":30},"end":{"line":308,"column":53}}]},"30":{"loc":{"start":{"line":311,"column":8},"end":{"line":313,"column":9}},"type":"if","locations":[{"start":{"line":311,"column":8},"end":{"line":313,"column":9}},{"start":{"line":311,"column":8},"end":{"line":313,"column":9}}]},"31":{"loc":{"start":{"line":314,"column":8},"end":{"line":321,"column":9}},"type":"if","locations":[{"start":{"line":314,"column":8},"end":{"line":321,"column":9}},{"start":{"line":314,"column":8},"end":{"line":321,"column":9}}]},"32":{"loc":{"start":{"line":314,"column":12},"end":{"line":314,"column":86}},"type":"binary-expr","locations":[{"start":{"line":314,"column":12},"end":{"line":314,"column":40}},{"start":{"line":314,"column":44},"end":{"line":314,"column":72}},{"start":{"line":314,"column":76},"end":{"line":314,"column":86}}]},"33":{"loc":{"start":{"line":322,"column":8},"end":{"line":331,"column":9}},"type":"if","locations":[{"start":{"line":322,"column":8},"end":{"line":331,"column":9}},{"start":{"line":322,"column":8},"end":{"line":331,"column":9}}]},"34":{"loc":{"start":{"line":335,"column":8},"end":{"line":357,"column":9}},"type":"switch","locations":[{"start":{"line":336,"column":12},"end":{"line":338,"column":28}},{"start":{"line":339,"column":12},"end":{"line":341,"column":28}},{"start":{"line":342,"column":12},"end":{"line":344,"column":28}},{"start":{"line":345,"column":12},"end":{"line":347,"column":28}},{"start":{"line":348,"column":12},"end":{"line":350,"column":28}},{"start":{"line":351,"column":12},"end":{"line":351,"column":27}},{"start":{"line":352,"column":12},"end":{"line":352,"column":25}},{"start":{"line":353,"column":12},"end":{"line":354,"column":28}},{"start":{"line":355,"column":12},"end":{"line":356,"column":89}}]},"35":{"loc":{"start":{"line":360,"column":8},"end":{"line":361,"column":40}},"type":"if","locations":[{"start":{"line":360,"column":8},"end":{"line":361,"column":40}},{"start":{"line":360,"column":8},"end":{"line":361,"column":40}}]},"36":{"loc":{"start":{"line":363,"column":12},"end":{"line":365,"column":13}},"type":"if","locations":[{"start":{"line":363,"column":12},"end":{"line":365,"column":13}},{"start":{"line":363,"column":12},"end":{"line":365,"column":13}}]},"37":{"loc":{"start":{"line":363,"column":16},"end":{"line":363,"column":56}},"type":"binary-expr","locations":[{"start":{"line":363,"column":16},"end":{"line":363,"column":40}},{"start":{"line":363,"column":44},"end":{"line":363,"column":56}}]},"38":{"loc":{"start":{"line":366,"column":12},"end":{"line":368,"column":13}},"type":"if","locations":[{"start":{"line":366,"column":12},"end":{"line":368,"column":13}},{"start":{"line":366,"column":12},"end":{"line":368,"column":13}}]},"39":{"loc":{"start":{"line":376,"column":16},"end":{"line":380,"column":17}},"type":"if","locations":[{"start":{"line":376,"column":16},"end":{"line":380,"column":17}},{"start":{"line":376,"column":16},"end":{"line":380,"column":17}}]},"40":{"loc":{"start":{"line":387,"column":20},"end":{"line":392,"column":21}},"type":"if","locations":[{"start":{"line":387,"column":20},"end":{"line":392,"column":21}},{"start":{"line":387,"column":20},"end":{"line":392,"column":21}}]},"41":{"loc":{"start":{"line":394,"column":16},"end":{"line":401,"column":17}},"type":"if","locations":[{"start":{"line":394,"column":16},"end":{"line":401,"column":17}},{"start":{"line":394,"column":16},"end":{"line":401,"column":17}}]},"42":{"loc":{"start":{"line":398,"column":21},"end":{"line":401,"column":17}},"type":"if","locations":[{"start":{"line":398,"column":21},"end":{"line":401,"column":17}},{"start":{"line":398,"column":21},"end":{"line":401,"column":17}}]},"43":{"loc":{"start":{"line":411,"column":12},"end":{"line":413,"column":13}},"type":"if","locations":[{"start":{"line":411,"column":12},"end":{"line":413,"column":13}},{"start":{"line":411,"column":12},"end":{"line":413,"column":13}}]},"44":{"loc":{"start":{"line":415,"column":12},"end":{"line":418,"column":13}},"type":"if","locations":[{"start":{"line":415,"column":12},"end":{"line":418,"column":13}},{"start":{"line":415,"column":12},"end":{"line":418,"column":13}}]},"45":{"loc":{"start":{"line":421,"column":16},"end":{"line":425,"column":17}},"type":"if","locations":[{"start":{"line":421,"column":16},"end":{"line":425,"column":17}},{"start":{"line":421,"column":16},"end":{"line":425,"column":17}}]},"46":{"loc":{"start":{"line":433,"column":12},"end":{"line":442,"column":13}},"type":"switch","locations":[{"start":{"line":434,"column":16},"end":{"line":436,"column":26}},{"start":{"line":437,"column":16},"end":{"line":439,"column":26}},{"start":{"line":440,"column":16},"end":{"line":441,"column":94}}]},"47":{"loc":{"start":{"line":461,"column":16},"end":{"line":466,"column":17}},"type":"if","locations":[{"start":{"line":461,"column":16},"end":{"line":466,"column":17}},{"start":{"line":461,"column":16},"end":{"line":466,"column":17}}]},"48":{"loc":{"start":{"line":475,"column":20},"end":{"line":476,"column":21}},"type":"if","locations":[{"start":{"line":475,"column":20},"end":{"line":476,"column":21}},{"start":{"line":475,"column":20},"end":{"line":476,"column":21}}]},"49":{"loc":{"start":{"line":490,"column":16},"end":{"line":491,"column":17}},"type":"if","locations":[{"start":{"line":490,"column":16},"end":{"line":491,"column":17}},{"start":{"line":490,"column":16},"end":{"line":491,"column":17}}]},"50":{"loc":{"start":{"line":500,"column":12},"end":{"line":511,"column":13}},"type":"switch","locations":[{"start":{"line":501,"column":16},"end":{"line":504,"column":50}},{"start":{"line":505,"column":16},"end":{"line":508,"column":48}},{"start":{"line":509,"column":16},"end":{"line":510,"column":67}}]},"51":{"loc":{"start":{"line":502,"column":20},"end":{"line":503,"column":95}},"type":"if","locations":[{"start":{"line":502,"column":20},"end":{"line":503,"column":95}},{"start":{"line":502,"column":20},"end":{"line":503,"column":95}}]},"52":{"loc":{"start":{"line":506,"column":20},"end":{"line":507,"column":93}},"type":"if","locations":[{"start":{"line":506,"column":20},"end":{"line":507,"column":93}},{"start":{"line":506,"column":20},"end":{"line":507,"column":93}}]}},"s":{"0":1,"1":1,"2":1,"3":1,"4":1,"5":1,"6":1,"7":1,"8":1,"9":14,"10":14,"11":1,"12":13,"13":13,"14":13,"15":13,"16":13,"17":13,"18":12,"19":11,"20":11,"21":11,"22":2,"23":1,"24":18,"25":18,"26":18,"27":17,"28":1,"29":1,"30":13,"31":13,"32":59469,"33":59469,"34":59458,"35":13,"36":1,"37":13,"38":13,"39":13,"40":59458,"41":59458,"42":59458,"43":13,"44":1,"45":12,"46":1,"47":12,"48":12,"49":12,"50":59452,"51":59452,"52":59452,"53":59450,"54":646534,"55":646534,"56":646534,"57":246294,"58":646534,"59":12,"60":1,"61":11,"62":1,"63":5,"64":5,"65":5,"66":5,"67":5,"68":4,"69":4,"70":4,"71":4,"72":4,"73":4,"74":4,"75":4,"76":4,"77":4,"78":1,"79":1,"80":4,"81":4,"82":4,"83":332,"84":332,"85":332,"86":960,"87":332,"88":308,"89":4,"90":1,"91":4,"92":4,"93":4,"94":4,"95":4,"96":4,"97":1456,"98":1456,"99":176,"100":4,"101":176,"102":176,"103":0,"104":4,"105":176,"106":176,"107":4,"108":4,"109":0,"110":1,"111":176,"112":176,"113":176,"114":176,"115":176,"116":176,"117":176,"118":176,"119":176,"120":176,"121":176,"122":0,"123":0,"124":0,"125":1,"126":4,"127":1456,"128":1456,"129":1456,"130":1,"131":4,"132":4,"133":4,"134":4,"135":308,"136":308,"137":184,"138":0,"139":4,"140":4,"141":0,"142":4,"143":0,"144":1,"145":308,"146":308,"147":308,"148":308,"149":308,"150":308,"151":308,"152":308,"153":308,"154":308,"155":308,"156":308,"157":308,"158":293732,"159":287936,"160":188,"161":287936,"162":8800,"163":287936,"164":12896,"165":308,"166":284764,"167":8800,"168":284764,"169":184,"170":184,"171":184,"172":308,"173":308,"174":308,"175":280760,"176":280760,"177":16136,"178":8500,"179":8500,"180":3520,"181":1756,"182":3520,"183":8500,"184":1,"185":8500,"186":300,"187":8200,"188":1760,"189":6440,"190":296,"191":1184,"192":296,"193":296,"194":296,"195":6144,"196":1464,"197":1464,"198":10248,"199":1464,"200":1464,"201":1464,"202":1464,"203":4680,"204":23400,"205":4680,"206":1464,"207":1464,"208":1460,"209":1460,"210":1456,"211":1456,"212":296,"213":296,"214":0,"215":0,"216":0,"217":4,"218":1,"219":3520,"220":1764,"221":1756,"222":331512,"223":0,"224":331512,"225":1756,"226":0,"227":1,"228":4,"229":4,"230":4,"231":109500,"232":296,"233":296,"234":296,"235":4,"236":4,"237":2412,"238":2412,"239":178488,"240":178488,"241":2408,"242":2408,"243":2408,"244":2408,"245":2412,"246":0,"247":0,"248":2412,"249":4,"250":4,"251":4,"252":1,"253":15,"254":15,"255":15,"256":15,"257":15,"258":0,"259":15,"260":15,"261":14,"262":14,"263":15,"264":15,"265":15,"266":15,"267":1,"268":18,"269":18,"270":18,"271":18,"272":11,"273":11,"274":4,"275":4,"276":3,"277":18,"278":14,"279":14,"280":14,"281":4,"282":1,"283":18,"284":18,"285":18,"286":4,"287":14,"288":1,"289":14,"290":14,"291":14,"292":14,"293":14,"294":14,"295":14,"296":14,"297":14,"298":14,"299":1,"300":14,"301":14,"302":14,"303":14,"304":1,"305":35,"306":35,"307":35,"308":35,"309":29,"310":2,"311":27,"312":6,"313":3,"314":3,"315":0,"316":5,"317":1,"318":1,"319":1},"f":{"0":1,"1":14,"2":13,"3":13,"4":13,"5":13,"6":12,"7":11,"8":11,"9":2,"10":18,"11":18,"12":17,"13":1,"14":13,"15":13,"16":13,"17":12,"18":12,"19":5,"20":5,"21":4,"22":4,"23":4,"24":4,"25":4,"26":4,"27":1,"28":4,"29":4,"30":4,"31":176,"32":176,"33":0,"34":4,"35":0,"36":176,"37":176,"38":176,"39":176,"40":176,"41":0,"42":4,"43":4,"44":4,"45":184,"46":0,"47":4,"48":0,"49":308,"50":308,"51":293732,"52":284764,"53":10124,"54":308,"55":280760,"56":8500,"57":3520,"58":4,"59":4,"60":15,"61":15,"62":15,"63":18,"64":18,"65":14,"66":14,"67":14,"68":4,"69":18,"70":18,"71":18,"72":14,"73":14,"74":14,"75":14,"76":14,"77":14,"78":14,"79":35},"b":{"0":[59458,11],"1":[1,12],"2":[59450,2],"3":[246294,400240],"4":[1,11],"5":[332,0],"6":[332,332],"7":[308,24],"8":[332,320,320],"9":[176,1280],"10":[0,4],"11":[287936,5796],"12":[188,287748],"13":[8800,279136],"14":[287936,8800],"15":[12896,275040],"16":[287936,12896],"17":[8800,275964],"18":[284764,8800],"19":[184,284580],"20":[16136,264624],"21":[280760,16136],"22":[8500,7636],"23":[16136,8500],"24":[8500,0],"25":[3520,4980],"26":[1756,1764],"27":[3520,3336,1756],"28":[300,8200],"29":[8500,8200,8200,8200,8200,8200],"30":[1760,6440],"31":[296,6144],"32":[6440,1760,296],"33":[1464,4680],"34":[1464,1460,1456,296,0,0,0,0,4],"35":[1764,1756],"36":[0,331512],"37":[331512,331512],"38":[1756,329756],"39":[296,109204],"40":[2408,176080],"41":[0,2412],"42":[4,2408],"43":[0,15],"44":[14,1],"45":[0,15],"46":[11,4,3],"47":[4,14],"48":[0,14],"49":[0,14],"50":[29,6,0],"51":[2,27],"52":[3,3]},"_coverageSchema":"332fd63041d2c1bcb487cc26dd0d5f7d97098a6c","hash":"517f2de96057c1502495d2f73be5e4a2bbd01206","contentHash":"9e6e23beb789927ab127f9345e74aaf9_10.0.0"},"C:\\Users\\Axiaz\\cpsc310\\d3\\src\\controller\\Course.js":{"path":"C:\\Users\\Axiaz\\cpsc310\\d3\\src\\controller\\Course.js","statementMap":{"0":{"start":{"line":2,"column":14},"end":{"line":16,"column":3}},"1":{"start":{"line":4,"column":8},"end":{"line":4,"column":33}},"2":{"start":{"line":5,"column":8},"end":{"line":5,"column":29}},"3":{"start":{"line":6,"column":8},"end":{"line":6,"column":31}},"4":{"start":{"line":7,"column":8},"end":{"line":7,"column":45}},"5":{"start":{"line":8,"column":8},"end":{"line":8,"column":35}},"6":{"start":{"line":9,"column":8},"end":{"line":9,"column":33}},"7":{"start":{"line":10,"column":8},"end":{"line":10,"column":33}},"8":{"start":{"line":11,"column":8},"end":{"line":11,"column":35}},"9":{"start":{"line":12,"column":8},"end":{"line":12,"column":33}},"10":{"start":{"line":13,"column":8},"end":{"line":13,"column":33}},"11":{"start":{"line":15,"column":4},"end":{"line":15,"column":18}},"12":{"start":{"line":17,"column":0},"end":{"line":17,"column":186}},"13":{"start":{"line":18,"column":0},"end":{"line":18,"column":62}},"14":{"start":{"line":19,"column":0},"end":{"line":19,"column":25}}},"fnMap":{"0":{"name":"(anonymous_0)","decl":{"start":{"line":2,"column":14},"end":{"line":2,"column":15}},"loc":{"start":{"line":2,"column":26},"end":{"line":16,"column":1}}},"1":{"name":"Course","decl":{"start":{"line":3,"column":13},"end":{"line":3,"column":19}},"loc":{"start":{"line":3,"column":85},"end":{"line":14,"column":5}}}},"branchMap":{},"s":{"0":1,"1":646534,"2":646534,"3":646534,"4":646534,"5":646534,"6":646534,"7":646534,"8":646534,"9":646534,"10":646534,"11":1,"12":1,"13":1,"14":1},"f":{"0":1,"1":646534},"b":{},"_coverageSchema":"332fd63041d2c1bcb487cc26dd0d5f7d97098a6c","hash":"eb79497d00d633b93c02f2f37945bc74658215b6","contentHash":"538190039ebf1d1aa2102c6441f8b183_10.0.0"},"C:\\Users\\Axiaz\\cpsc310\\d3\\src\\controller\\Room.js":{"path":"C:\\Users\\Axiaz\\cpsc310\\d3\\src\\controller\\Room.js","statementMap":{"0":{"start":{"line":2,"column":12},"end":{"line":9,"column":3}},"1":{"start":{"line":4,"column":8},"end":{"line":4,"column":40}},"2":{"start":{"line":5,"column":8},"end":{"line":5,"column":29}},"3":{"start":{"line":6,"column":8},"end":{"line":6,"column":34}},"4":{"start":{"line":8,"column":4},"end":{"line":8,"column":16}},"5":{"start":{"line":10,"column":0},"end":{"line":10,"column":189}},"6":{"start":{"line":11,"column":0},"end":{"line":11,"column":62}},"7":{"start":{"line":12,"column":0},"end":{"line":12,"column":23}}},"fnMap":{"0":{"name":"(anonymous_0)","decl":{"start":{"line":2,"column":12},"end":{"line":2,"column":13}},"loc":{"start":{"line":2,"column":24},"end":{"line":9,"column":1}}},"1":{"name":"Room","decl":{"start":{"line":3,"column":13},"end":{"line":3,"column":17}},"loc":{"start":{"line":3,"column":20},"end":{"line":7,"column":5}}}},"branchMap":{},"s":{"0":1,"1":1764,"2":1764,"3":1764,"4":1,"5":1,"6":1,"7":1},"f":{"0":1,"1":1764},"b":{},"_coverageSchema":"332fd63041d2c1bcb487cc26dd0d5f7d97098a6c","hash":"4b15a5bb6705e6221448681d27c3443cd9698127","contentHash":"c70415b75045a51d9b765e742f1f332c_10.0.0"},"C:\\Users\\Axiaz\\cpsc310\\d3\\src\\Util.js":{"path":"C:\\Users\\Axiaz\\cpsc310\\d3\\src\\Util.js","statementMap":{"0":{"start":{"line":2,"column":11},"end":{"line":21,"column":3}},"1":{"start":{"line":5,"column":4},"end":{"line":7,"column":6}},"2":{"start":{"line":6,"column":8},"end":{"line":6,"column":71}},"3":{"start":{"line":8,"column":4},"end":{"line":10,"column":6}},"4":{"start":{"line":9,"column":8},"end":{"line":9,"column":71}},"5":{"start":{"line":11,"column":4},"end":{"line":13,"column":6}},"6":{"start":{"line":12,"column":8},"end":{"line":12,"column":73}},"7":{"start":{"line":14,"column":4},"end":{"line":16,"column":6}},"8":{"start":{"line":15,"column":8},"end":{"line":15,"column":73}},"9":{"start":{"line":17,"column":4},"end":{"line":19,"column":6}},"10":{"start":{"line":18,"column":8},"end":{"line":18,"column":71}},"11":{"start":{"line":20,"column":4},"end":{"line":20,"column":15}},"12":{"start":{"line":22,"column":0},"end":{"line":22,"column":62}},"13":{"start":{"line":23,"column":0},"end":{"line":23,"column":22}}},"fnMap":{"0":{"name":"(anonymous_0)","decl":{"start":{"line":2,"column":11},"end":{"line":2,"column":12}},"loc":{"start":{"line":2,"column":23},"end":{"line":21,"column":1}}},"1":{"name":"Log","decl":{"start":{"line":3,"column":13},"end":{"line":3,"column":16}},"loc":{"start":{"line":3,"column":19},"end":{"line":4,"column":5}}},"2":{"name":"(anonymous_2)","decl":{"start":{"line":5,"column":16},"end":{"line":5,"column":17}},"loc":{"start":{"line":5,"column":31},"end":{"line":7,"column":5}}},"3":{"name":"(anonymous_3)","decl":{"start":{"line":8,"column":15},"end":{"line":8,"column":16}},"loc":{"start":{"line":8,"column":30},"end":{"line":10,"column":5}}},"4":{"name":"(anonymous_4)","decl":{"start":{"line":11,"column":15},"end":{"line":11,"column":16}},"loc":{"start":{"line":11,"column":30},"end":{"line":13,"column":5}}},"5":{"name":"(anonymous_5)","decl":{"start":{"line":14,"column":16},"end":{"line":14,"column":17}},"loc":{"start":{"line":14,"column":31},"end":{"line":16,"column":5}}},"6":{"name":"(anonymous_6)","decl":{"start":{"line":17,"column":15},"end":{"line":17,"column":16}},"loc":{"start":{"line":17,"column":30},"end":{"line":19,"column":5}}}},"branchMap":{},"s":{"0":1,"1":1,"2":19,"3":1,"4":9,"5":1,"6":1,"7":1,"8":2,"9":1,"10":11,"11":1,"12":1,"13":1},"f":{"0":1,"1":0,"2":19,"3":9,"4":1,"5":2,"6":11},"b":{},"_coverageSchema":"332fd63041d2c1bcb487cc26dd0d5f7d97098a6c","hash":"9b5745fd7a7e452e42dff33b9b03789767a3c8cb","contentHash":"b23fa71061284ae589fb7963694a5cd4_10.0.0"},"C:\\Users\\Axiaz\\cpsc310\\d3\\src\\controller\\QueryController.js":{"path":"C:\\Users\\Axiaz\\cpsc310\\d3\\src\\controller\\QueryController.js","statementMap":{"0":{"start":{"line":2,"column":15},"end":{"line":2,"column":34}},"1":{"start":{"line":3,"column":13},"end":{"line":3,"column":30}},"2":{"start":{"line":4,"column":23},"end":{"line":450,"column":3}},"3":{"start":{"line":6,"column":8},"end":{"line":6,"column":45}},"4":{"start":{"line":7,"column":8},"end":{"line":7,"column":22}},"5":{"start":{"line":9,"column":4},"end":{"line":47,"column":6}},"6":{"start":{"line":10,"column":23},"end":{"line":10,"column":27}},"7":{"start":{"line":11,"column":27},"end":{"line":11,"column":29}},"8":{"start":{"line":12,"column":8},"end":{"line":12,"column":32}},"9":{"start":{"line":13,"column":8},"end":{"line":46,"column":11}},"10":{"start":{"line":14,"column":12},"end":{"line":45,"column":13}},"11":{"start":{"line":15,"column":28},"end":{"line":15,"column":39}},"12":{"start":{"line":16,"column":30},"end":{"line":16,"column":43}},"13":{"start":{"line":17,"column":16},"end":{"line":17,"column":62}},"14":{"start":{"line":18,"column":16},"end":{"line":18,"column":57}},"15":{"start":{"line":19,"column":32},"end":{"line":19,"column":41}},"16":{"start":{"line":20,"column":16},"end":{"line":21,"column":60}},"17":{"start":{"line":21,"column":20},"end":{"line":21,"column":60}},"18":{"start":{"line":22,"column":25},"end":{"line":22,"column":51}},"19":{"start":{"line":23,"column":30},"end":{"line":23,"column":45}},"20":{"start":{"line":24,"column":38},"end":{"line":24,"column":59}},"21":{"start":{"line":25,"column":16},"end":{"line":25,"column":79}},"22":{"start":{"line":26,"column":33},"end":{"line":26,"column":65}},"23":{"start":{"line":27,"column":16},"end":{"line":37,"column":17}},"24":{"start":{"line":28,"column":20},"end":{"line":33,"column":21}},"25":{"start":{"line":29,"column":34},"end":{"line":29,"column":50}},"26":{"start":{"line":30,"column":24},"end":{"line":32,"column":25}},"27":{"start":{"line":31,"column":28},"end":{"line":31,"column":51}},"28":{"start":{"line":36,"column":20},"end":{"line":36,"column":46}},"29":{"start":{"line":38,"column":16},"end":{"line":38,"column":85}},"30":{"start":{"line":39,"column":16},"end":{"line":39,"column":81}},"31":{"start":{"line":40,"column":16},"end":{"line":40,"column":78}},"32":{"start":{"line":41,"column":16},"end":{"line":41,"column":88}},"33":{"start":{"line":44,"column":16},"end":{"line":44,"column":28}},"34":{"start":{"line":48,"column":4},"end":{"line":53,"column":6}},"35":{"start":{"line":49,"column":8},"end":{"line":50,"column":71}},"36":{"start":{"line":50,"column":12},"end":{"line":50,"column":71}},"37":{"start":{"line":51,"column":8},"end":{"line":52,"column":73}},"38":{"start":{"line":52,"column":12},"end":{"line":52,"column":73}},"39":{"start":{"line":54,"column":4},"end":{"line":68,"column":6}},"40":{"start":{"line":55,"column":23},"end":{"line":55,"column":27}},"41":{"start":{"line":56,"column":20},"end":{"line":56,"column":33}},"42":{"start":{"line":57,"column":23},"end":{"line":57,"column":49}},"43":{"start":{"line":58,"column":22},"end":{"line":58,"column":37}},"44":{"start":{"line":59,"column":8},"end":{"line":59,"column":39}},"45":{"start":{"line":60,"column":8},"end":{"line":60,"column":62}},"46":{"start":{"line":61,"column":19},"end":{"line":61,"column":31}},"47":{"start":{"line":62,"column":8},"end":{"line":62,"column":33}},"48":{"start":{"line":63,"column":8},"end":{"line":67,"column":10}},"49":{"start":{"line":69,"column":4},"end":{"line":98,"column":6}},"50":{"start":{"line":70,"column":24},"end":{"line":70,"column":25}},"51":{"start":{"line":71,"column":8},"end":{"line":72,"column":29}},"52":{"start":{"line":72,"column":12},"end":{"line":72,"column":29}},"53":{"start":{"line":73,"column":8},"end":{"line":78,"column":9}},"54":{"start":{"line":74,"column":12},"end":{"line":77,"column":14}},"55":{"start":{"line":79,"column":18},"end":{"line":79,"column":27}},"56":{"start":{"line":80,"column":19},"end":{"line":80,"column":29}},"57":{"start":{"line":81,"column":8},"end":{"line":89,"column":9}},"58":{"start":{"line":83,"column":16},"end":{"line":83,"column":22}},"59":{"start":{"line":85,"column":16},"end":{"line":85,"column":31}},"60":{"start":{"line":86,"column":16},"end":{"line":86,"column":22}},"61":{"start":{"line":88,"column":16},"end":{"line":88,"column":81}},"62":{"start":{"line":90,"column":8},"end":{"line":91,"column":84}},"63":{"start":{"line":91,"column":12},"end":{"line":91,"column":84}},"64":{"start":{"line":92,"column":8},"end":{"line":93,"column":77}},"65":{"start":{"line":93,"column":12},"end":{"line":93,"column":77}},"66":{"start":{"line":94,"column":8},"end":{"line":97,"column":10}},"67":{"start":{"line":99,"column":4},"end":{"line":112,"column":6}},"68":{"start":{"line":100,"column":8},"end":{"line":101,"column":79}},"69":{"start":{"line":101,"column":12},"end":{"line":101,"column":79}},"70":{"start":{"line":102,"column":8},"end":{"line":103,"column":78}},"71":{"start":{"line":103,"column":12},"end":{"line":103,"column":78}},"72":{"start":{"line":104,"column":8},"end":{"line":111,"column":9}},"73":{"start":{"line":105,"column":25},"end":{"line":105,"column":38}},"74":{"start":{"line":106,"column":12},"end":{"line":110,"column":13}},"75":{"start":{"line":107,"column":25},"end":{"line":107,"column":65}},"76":{"start":{"line":108,"column":16},"end":{"line":109,"column":38}},"77":{"start":{"line":109,"column":20},"end":{"line":109,"column":38}},"78":{"start":{"line":113,"column":4},"end":{"line":121,"column":6}},"79":{"start":{"line":114,"column":8},"end":{"line":120,"column":9}},"80":{"start":{"line":115,"column":12},"end":{"line":119,"column":13}},"81":{"start":{"line":116,"column":26},"end":{"line":116,"column":32}},"82":{"start":{"line":117,"column":16},"end":{"line":118,"column":87}},"83":{"start":{"line":118,"column":20},"end":{"line":118,"column":87}},"84":{"start":{"line":122,"column":4},"end":{"line":126,"column":6}},"85":{"start":{"line":123,"column":8},"end":{"line":125,"column":9}},"86":{"start":{"line":124,"column":12},"end":{"line":124,"column":84}},"87":{"start":{"line":127,"column":4},"end":{"line":229,"column":6}},"88":{"start":{"line":128,"column":23},"end":{"line":128,"column":27}},"89":{"start":{"line":129,"column":22},"end":{"line":129,"column":48}},"90":{"start":{"line":130,"column":8},"end":{"line":131,"column":84}},"91":{"start":{"line":131,"column":12},"end":{"line":131,"column":84}},"92":{"start":{"line":132,"column":18},"end":{"line":132,"column":40}},"93":{"start":{"line":133,"column":23},"end":{"line":133,"column":34}},"94":{"start":{"line":134,"column":8},"end":{"line":228,"column":9}},"95":{"start":{"line":137,"column":40},"end":{"line":137,"column":42}},"96":{"start":{"line":138,"column":16},"end":{"line":139,"column":100}},"97":{"start":{"line":139,"column":20},"end":{"line":139,"column":100}},"98":{"start":{"line":140,"column":16},"end":{"line":141,"column":96}},"99":{"start":{"line":141,"column":20},"end":{"line":141,"column":96}},"100":{"start":{"line":142,"column":16},"end":{"line":145,"column":17}},"101":{"start":{"line":143,"column":35},"end":{"line":143,"column":49}},"102":{"start":{"line":144,"column":20},"end":{"line":144,"column":75}},"103":{"start":{"line":146,"column":16},"end":{"line":165,"column":17}},"104":{"start":{"line":148,"column":24},"end":{"line":155,"column":26}},"105":{"start":{"line":149,"column":41},"end":{"line":149,"column":46}},"106":{"start":{"line":150,"column":28},"end":{"line":153,"column":29}},"107":{"start":{"line":151,"column":47},"end":{"line":151,"column":68}},"108":{"start":{"line":152,"column":32},"end":{"line":152,"column":71}},"109":{"start":{"line":154,"column":28},"end":{"line":154,"column":42}},"110":{"start":{"line":157,"column":24},"end":{"line":164,"column":26}},"111":{"start":{"line":158,"column":41},"end":{"line":158,"column":45}},"112":{"start":{"line":159,"column":28},"end":{"line":162,"column":29}},"113":{"start":{"line":160,"column":47},"end":{"line":160,"column":68}},"114":{"start":{"line":161,"column":32},"end":{"line":161,"column":71}},"115":{"start":{"line":163,"column":28},"end":{"line":163,"column":42}},"116":{"start":{"line":170,"column":39},"end":{"line":170,"column":67}},"117":{"start":{"line":171,"column":16},"end":{"line":172,"column":95}},"118":{"start":{"line":172,"column":20},"end":{"line":172,"column":95}},"119":{"start":{"line":173,"column":35},"end":{"line":173,"column":59}},"120":{"start":{"line":174,"column":35},"end":{"line":174,"column":57}},"121":{"start":{"line":175,"column":16},"end":{"line":176,"column":97}},"122":{"start":{"line":176,"column":20},"end":{"line":176,"column":97}},"123":{"start":{"line":177,"column":25},"end":{"line":177,"column":77}},"124":{"start":{"line":178,"column":16},"end":{"line":179,"column":38}},"125":{"start":{"line":179,"column":20},"end":{"line":179,"column":38}},"126":{"start":{"line":180,"column":16},"end":{"line":191,"column":17}},"127":{"start":{"line":184,"column":24},"end":{"line":185,"column":108}},"128":{"start":{"line":185,"column":28},"end":{"line":185,"column":108}},"129":{"start":{"line":186,"column":24},"end":{"line":186,"column":30}},"130":{"start":{"line":188,"column":24},"end":{"line":189,"column":108}},"131":{"start":{"line":189,"column":28},"end":{"line":189,"column":108}},"132":{"start":{"line":190,"column":24},"end":{"line":190,"column":30}},"133":{"start":{"line":192,"column":16},"end":{"line":220,"column":18}},"134":{"start":{"line":193,"column":20},"end":{"line":194,"column":101}},"135":{"start":{"line":194,"column":24},"end":{"line":194,"column":101}},"136":{"start":{"line":195,"column":20},"end":{"line":196,"column":142}},"137":{"start":{"line":196,"column":24},"end":{"line":196,"column":142}},"138":{"start":{"line":197,"column":20},"end":{"line":219,"column":21}},"139":{"start":{"line":199,"column":28},"end":{"line":199,"column":74}},"140":{"start":{"line":201,"column":28},"end":{"line":201,"column":75}},"141":{"start":{"line":203,"column":28},"end":{"line":203,"column":74}},"142":{"start":{"line":205,"column":44},"end":{"line":205,"column":72}},"143":{"start":{"line":206,"column":45},"end":{"line":206,"column":71}},"144":{"start":{"line":207,"column":28},"end":{"line":218,"column":29}},"145":{"start":{"line":208,"column":32},"end":{"line":208,"column":124}},"146":{"start":{"line":210,"column":33},"end":{"line":218,"column":29}},"147":{"start":{"line":211,"column":32},"end":{"line":211,"column":99}},"148":{"start":{"line":213,"column":33},"end":{"line":218,"column":29}},"149":{"start":{"line":214,"column":32},"end":{"line":214,"column":126}},"150":{"start":{"line":217,"column":32},"end":{"line":217,"column":80}},"151":{"start":{"line":222,"column":33},"end":{"line":222,"column":63}},"152":{"start":{"line":223,"column":16},"end":{"line":225,"column":18}},"153":{"start":{"line":224,"column":20},"end":{"line":224,"column":50}},"154":{"start":{"line":227,"column":16},"end":{"line":227,"column":84}},"155":{"start":{"line":230,"column":4},"end":{"line":244,"column":6}},"156":{"start":{"line":231,"column":23},"end":{"line":231,"column":27}},"157":{"start":{"line":232,"column":8},"end":{"line":233,"column":35}},"158":{"start":{"line":233,"column":12},"end":{"line":233,"column":35}},"159":{"start":{"line":234,"column":25},"end":{"line":234,"column":27}},"160":{"start":{"line":235,"column":8},"end":{"line":239,"column":9}},"161":{"start":{"line":236,"column":21},"end":{"line":236,"column":27}},"162":{"start":{"line":237,"column":12},"end":{"line":238,"column":36}},"163":{"start":{"line":238,"column":16},"end":{"line":238,"column":36}},"164":{"start":{"line":240,"column":8},"end":{"line":243,"column":85}},"165":{"start":{"line":241,"column":12},"end":{"line":241,"column":65}},"166":{"start":{"line":243,"column":12},"end":{"line":243,"column":85}},"167":{"start":{"line":245,"column":4},"end":{"line":302,"column":6}},"168":{"start":{"line":246,"column":23},"end":{"line":246,"column":27}},"169":{"start":{"line":247,"column":8},"end":{"line":250,"column":9}},"170":{"start":{"line":248,"column":12},"end":{"line":248,"column":50}},"171":{"start":{"line":249,"column":12},"end":{"line":249,"column":19}},"172":{"start":{"line":251,"column":20},"end":{"line":251,"column":29}},"173":{"start":{"line":252,"column":24},"end":{"line":252,"column":26}},"174":{"start":{"line":253,"column":24},"end":{"line":253,"column":26}},"175":{"start":{"line":254,"column":20},"end":{"line":254,"column":29}},"176":{"start":{"line":255,"column":8},"end":{"line":256,"column":68}},"177":{"start":{"line":256,"column":12},"end":{"l
[...]
olumn":16},"end":{"line":381,"column":42}},{"start":{"line":380,"column":16},"end":{"line":381,"column":42}}]},"62":{"loc":{"start":{"line":384,"column":16},"end":{"line":385,"column":42}},"type":"if","locations":[{"start":{"line":384,"column":16},"end":{"line":385,"column":42}},{"start":{"line":384,"column":16},"end":{"line":385,"column":42}}]},"63":{"loc":{"start":{"line":386,"column":16},"end":{"line":387,"column":42}},"type":"if","locations":[{"start":{"line":386,"column":16},"end":{"line":387,"column":42}},{"start":{"line":386,"column":16},"end":{"line":387,"column":42}}]},"64":{"loc":{"start":{"line":390,"column":16},"end":{"line":391,"column":37}},"type":"if","locations":[{"start":{"line":390,"column":16},"end":{"line":391,"column":37}},{"start":{"line":390,"column":16},"end":{"line":391,"column":37}}]},"65":{"loc":{"start":{"line":395,"column":16},"end":{"line":399,"column":17}},"type":"if","locations":[{"start":{"line":395,"column":16},"end":{"line":399,"column":17}},{"start":{"line":395,"column":16},"end":{"line":399,"column":17}}]},"66":{"loc":{"start":{"line":405,"column":16},"end":{"line":409,"column":17}},"type":"if","locations":[{"start":{"line":405,"column":16},"end":{"line":409,"column":17}},{"start":{"line":405,"column":16},"end":{"line":409,"column":17}}]},"67":{"loc":{"start":{"line":410,"column":16},"end":{"line":413,"column":17}},"type":"if","locations":[{"start":{"line":410,"column":16},"end":{"line":413,"column":17}},{"start":{"line":410,"column":16},"end":{"line":413,"column":17}}]},"68":{"loc":{"start":{"line":430,"column":8},"end":{"line":431,"column":24}},"type":"if","locations":[{"start":{"line":430,"column":8},"end":{"line":431,"column":24}},{"start":{"line":430,"column":8},"end":{"line":431,"column":24}}]},"69":{"loc":{"start":{"line":437,"column":16},"end":{"line":442,"column":17}},"type":"if","locations":[{"start":{"line":437,"column":16},"end":{"line":442,"column":17}},{"start":{"line":437,"column":16},"end":{"line":442,"column":17}}]},"70":{"loc":{"start":{"line":440,"column":21},"end":{"line":442,"column":17}},"type":"if","locations":[{"start":{"line":440,"column":21},"end":{"line":442,"column":17}},{"start":{"line":440,"column":21},"end":{"line":442,"column":17}}]}},"s":{"0":1,"1":1,"2":1,"3":14,"4":14,"5":1,"6":72,"7":72,"8":72,"9":72,"10":72,"11":72,"12":72,"13":72,"14":70,"15":63,"16":63,"17":58,"18":55,"19":49,"20":49,"21":49,"22":35,"23":30,"24":29,"25":1487584,"26":1487584,"27":21408,"28":1,"29":28,"30":27,"31":27,"32":27,"33":45,"34":1,"35":72,"36":1,"37":71,"38":1,"39":1,"40":70,"41":70,"42":70,"43":67,"44":67,"45":65,"46":64,"47":64,"48":63,"49":1,"50":70,"51":70,"52":1,"53":69,"54":63,"55":6,"56":6,"57":6,"58":4,"59":1,"60":1,"61":1,"62":5,"63":1,"64":4,"65":1,"66":3,"67":1,"68":67,"69":1,"70":66,"71":1,"72":65,"73":144,"74":144,"75":123,"76":123,"77":69,"78":1,"79":65,"80":64,"81":65,"82":65,"83":1,"84":1,"85":64,"86":1,"87":1,"88":74,"89":74,"90":74,"91":1,"92":73,"93":73,"94":73,"95":9,"96":9,"97":1,"98":8,"99":1,"100":7,"101":15,"102":15,"103":7,"104":3,"105":129224,"106":129224,"107":258448,"108":258448,"109":129224,"110":4,"111":258448,"112":258448,"113":581508,"114":581508,"115":258448,"116":62,"117":62,"118":1,"119":61,"120":61,"121":61,"122":1,"123":60,"124":60,"125":1,"126":60,"127":28,"128":1,"129":27,"130":32,"131":1,"132":31,"133":58,"134":1629093,"135":1,"136":1629092,"137":1,"138":1629091,"139":517542,"140":258201,"141":64612,"142":788736,"143":788736,"144":788736,"145":64612,"146":724124,"147":64612,"148":659512,"149":71052,"150":588460,"151":1,"152":1,"153":64612,"154":1,"155":1,"156":55,"157":55,"158":49,"159":6,"160":6,"161":11,"162":11,"163":3,"164":6,"165":3,"166":3,"167":1,"168":49,"169":49,"170":32,"171":28,"172":17,"173":17,"174":17,"175":17,"176":17,"177":1,"178":16,"179":1,"180":15,"181":33,"182":33,"183":16,"184":17,"185":15,"186":1,"187":14,"188":15,"189":15,"190":1,"191":13,"192":13,"193":13,"194":13,"195":1,"196":12,"197":13,"198":13,"199":1,"200":12,"201":12,"202":1,"203":11,"204":11,"205":1,"206":10,"207":10,"208":9,"209":1,"210":9,"211":9,"212":1,"213":54,"214":41,"215":41,"216":13,"217":13,"218":54,"219":89,"220":89,"221":2,"222":87,"223":3,"224":1,"225":28,"226":21,"227":7,"228":7,"229":7,"230":7,"231":7,"232":7,"233":13973,"234":13973,"235":13973,"236":14085,"237":14085,"238":13973,"239":66,"240":66,"241":126,"242":126,"243":66,"244":13973,"245":6,"246":65,"247":6,"248":1,"249":13973,"250":13973,"251":14085,"252":14085,"253":14085,"254":14085,"255":14085,"256":14085,"257":11313,"258":1,"259":11312,"260":11312,"261":2772,"262":2772,"263":1,"264":14084,"265":14084,"266":2884,"267":61,"268":2884,"269":37,"270":2884,"271":2772,"272":1,"273":2772,"274":15,"275":2772,"276":2772,"277":1,"278":2772,"279":2772,"280":2884,"281":61,"282":61,"283":61,"284":2823,"285":2823,"286":2823,"287":2823,"288":2772,"289":1,"290":1,"291":1,"292":2771,"293":1378,"294":1378,"295":2771,"296":1,"297":2884,"298":2884,"299":2884,"300":2884,"301":2884,"302":2884,"303":2884,"304":2884,"305":2884,"306":2884,"307":1,"308":27,"309":1,"310":26,"311":26,"312":26,"313":1086902,"314":1086902,"315":1087035,"316":558148,"317":528887,"318":526496,"319":2391,"320":2258,"321":26,"322":1,"323":1,"324":1},"f":{"0":1,"1":14,"2":72,"3":72,"4":72,"5":70,"6":70,"7":67,"8":65,"9":64,"10":74,"11":129224,"12":258448,"13":1629093,"14":64612,"15":55,"16":49,"17":54,"18":28,"19":13973,"20":14084,"21":2884,"22":27,"23":1086902},"b":{"0":[58,5],"1":[29,1],"2":[21408,1466174],"3":[1,71],"4":[1,70],"5":[1,69],"6":[63,6],"7":[4,1,1],"8":[1,4],"9":[1,3],"10":[1,66],"11":[1,65],"12":[123,21],"13":[69,54],"14":[64,1],"15":[1,64],"16":[1,63],"17":[1,73],"18":[4,9,24,29,30,62,1,1],"19":[1,8],"20":[1,7],"21":[3,4],"22":[258448,258201],"23":[581508,270980],"24":[1,61],"25":[1,60],"26":[1,59],"27":[22,27,28,32],"28":[1,27],"29":[1,31],"30":[1,1629092],"31":[1,1629091],"32":[517542,258201,64612,788736],"33":[64612,724124],"34":[788736,129224],"35":[64612,659512],"36":[71052,588460],"37":[49,6],"38":[55,50],"39":[3,8],"40":[3,3],"41":[32,17],"42":[1,16],"43":[1,15],"44":[16,17],"45":[1,14],"46":[1,14],"47":[1,12],"48":[1,12],"49":[1,11],"50":[1,10],"51":[4,5,7,8,9,1],"52":[41,13],"53":[2,87],"54":[3,84],"55":[21,7],"56":[66,13907],"57":[2885,5657,8541,11313,2772],"58":[1,11312],"59":[2884,2772,2772,2884,2772],"60":[61,2823],"61":[37,2847],"62":[1,2771],"63":[15,2757],"64":[1,2771],"65":[61,2823],"66":[1,2771],"67":[1378,1393],"68":[1,26],"69":[558148,528887],"70":[526496,2391]},"_coverageSchema":"332fd63041d2c1bcb487cc26dd0d5f7d97098a6c","hash":"e37f669cde0abb01a6a7b62b55207123a2444103","contentHash":"d338d3c9eaa9ce464e0001491947e55e_10.0.0"},"C:\\Users\\Axiaz\\cpsc310\\d3\\src\\rest\\Server.js":{"path":"C:\\Users\\Axiaz\\cpsc310\\d3\\src\\rest\\Server.js","statementMap":{"0":{"start":{"line":2,"column":14},"end":{"line":2,"column":32}},"1":{"start":{"line":3,"column":13},"end":{"line":3,"column":31}},"2":{"start":{"line":4,"column":16},"end":{"line":4,"column":36}},"3":{"start":{"line":5,"column":14},"end":{"line":49,"column":3}},"4":{"start":{"line":7,"column":8},"end":{"line":7,"column":62}},"5":{"start":{"line":8,"column":8},"end":{"line":8,"column":25}},"6":{"start":{"line":10,"column":4},"end":{"line":18,"column":6}},"7":{"start":{"line":11,"column":8},"end":{"line":11,"column":47}},"8":{"start":{"line":12,"column":19},"end":{"line":12,"column":23}},"9":{"start":{"line":13,"column":8},"end":{"line":17,"column":11}},"10":{"start":{"line":14,"column":12},"end":{"line":16,"column":15}},"11":{"start":{"line":15,"column":16},"end":{"line":15,"column":30}},"12":{"start":{"line":19,"column":4},"end":{"line":47,"column":6}},"13":{"start":{"line":20,"column":19},"end":{"line":20,"column":23}},"14":{"start":{"line":21,"column":8},"end":{"line":46,"column":11}},"15":{"start":{"line":22,"column":12},"end":{"line":45,"column":13}},"16":{"start":{"line":23,"column":16},"end":{"line":23,"column":63}},"17":{"start":{"line":24,"column":16},"end":{"line":26,"column":19}},"18":{"start":{"line":27,"column":16},"end":{"line":27,"column":74}},"19":{"start":{"line":28,"column":16},"end":{"line":28,"column":52}},"20":{"start":{"line":29,"column":16},"end":{"line":29,"column":59}},"21":{"start":{"line":30,"column":16},"end":{"line":30,"column":70}},"22":{"start":{"line":31,"column":16},"end":{"line":31,"column":70}},"23":{"start":{"line":32,"column":16},"end":{"line":32,"column":65}},"24":{"start":{"line":33,"column":16},"end":{"line":36,"column":19}},"25":{"start":{"line":34,"column":20},"end":{"line":34,"column":97}},"26":{"start":{"line":35,"column":20},"end":{"line":35,"column":34}},"27":{"start":{"line":37,"column":16},"end":{"line":40,"column":19}},"28":{"start":{"line":38,"column":20},"end":{"line":38,"column":83}},"29":{"start":{"line":39,"column":20},"end":{"line":39,"column":32}},"30":{"start":{"line":43,"column":16},"end":{"line":43,"column":72}},"31":{"start":{"line":44,"column":16},"end":{"line":44,"column":28}},"32":{"start":{"line":48,"column":4},"end":{"line":48,"column":18}},"33":{"start":{"line":50,"column":0},"end":{"line":50,"column":62}},"34":{"start":{"line":51,"column":0},"end":{"line":51,"column":25}}},"fnMap":{"0":{"name":"(anonymous_0)","decl":{"start":{"line":5,"column":14},"end":{"line":5,"column":15}},"loc":{"start":{"line":5,"column":26},"end":{"line":49,"column":1}}},"1":{"name":"Server","decl":{"start":{"line":6,"column":13},"end":{"line":6,"column":19}},"loc":{"start":{"line":6,"column":26},"end":{"line":9,"column":5}}},"2":{"name":"(anonymous_2)","decl":{"start":{"line":10,"column":28},"end":{"line":10,"column":29}},"loc":{"start":{"line":10,"column":40},"end":{"line":18,"column":5}}},"3":{"name":"(anonymous_3)","decl":{"start":{"line":13,"column":27},"end":{"line":13,"column":28}},"loc":{"start":{"line":13,"column":46},"end":{"line":17,"column":9}}},"4":{"name":"(anonymous_4)","decl":{"start":{"line":14,"column":28},"end":{"line":14,"column":29}},"loc":{"start":{"line":14,"column":40},"end":{"line":16,"column":13}}},"5":{"name":"(anonymous_5)","decl":{"start":{"line":19,"column":29},"end":{"line":19,"column":30}},"loc":{"start":{"line":19,"column":41},"end":{"line":47,"column":5}}},"6":{"name":"(anonymous_6)","decl":{"start":{"line":21,"column":27},"end":{"line":21,"column":28}},"loc":{"start":{"line":21,"column":54},"end":{"line":46,"column":9}}},"7":{"name":"(anonymous_7)","decl":{"start":{"line":33,"column":44},"end":{"line":33,"column":45}},"loc":{"start":{"line":33,"column":56},"end":{"line":36,"column":17}}},"8":{"name":"(anonymous_8)","decl":{"start":{"line":37,"column":38},"end":{"line":37,"column":39}},"loc":{"start":{"line":37,"column":53},"end":{"line":40,"column":17}}}},"branchMap":{},"s":{"0":1,"1":1,"2":1,"3":1,"4":1,"5":1,"6":1,"7":1,"8":1,"9":1,"10":1,"11":1,"12":1,"13":1,"14":1,"15":1,"16":1,"17":1,"18":1,"19":1,"20":1,"21":1,"22":1,"23":1,"24":1,"25":1,"26":1,"27":1,"28":0,"29":0,"30":0,"31":0,"32":1,"33":1,"34":1},"f":{"0":1,"1":1,"2":1,"3":1,"4":1,"5":1,"6":1,"7":1,"8":0},"b":{},"_coverageSchema":"332fd63041d2c1bcb487cc26dd0d5f7d97098a6c","hash":"599b7578f76f881d86689a008a7df9023e44f950","contentHash":"cd2461f5dffa3ac3fe91c62c0c34148f_10.0.0"},"C:\\Users\\Axiaz\\cpsc310\\d3\\src\\rest\\Request.js":{"path":"C:\\Users\\Axiaz\\cpsc310\\d3\\src\\rest\\Request.js","statementMap":{"0":{"start":{"line":2,"column":13},"end":{"line":2,"column":31}},"1":{"start":{"line":3,"column":22},"end":{"line":3,"column":60}},"2":{"start":{"line":4,"column":14},"end":{"line":4,"column":43}},"3":{"start":{"line":5,"column":15},"end":{"line":84,"column":3}},"4":{"start":{"line":8,"column":4},"end":{"line":33,"column":6}},"5":{"start":{"line":9,"column":8},"end":{"line":9,"column":89}},"6":{"start":{"line":10,"column":22},"end":{"line":27,"column":10}},"7":{"start":{"line":11,"column":12},"end":{"line":26,"column":13}},"8":{"start":{"line":12,"column":16},"end":{"line":20,"column":19}},"9":{"start":{"line":13,"column":20},"end":{"line":13,"column":92}},"10":{"start":{"line":14,"column":20},"end":{"line":14,"column":63}},"11":{"start":{"line":15,"column":20},"end":{"line":15,"column":30}},"12":{"start":{"line":17,"column":20},"end":{"line":17,"column":78}},"13":{"start":{"line":18,"column":20},"end":{"line":18,"column":49}},"14":{"start":{"line":19,"column":20},"end":{"line":19,"column":29}},"15":{"start":{"line":23,"column":16},"end":{"line":23,"column":74}},"16":{"start":{"line":24,"column":16},"end":{"line":24,"column":54}},"17":{"start":{"line":25,"column":16},"end":{"line":25,"column":25}},"18":{"start":{"line":28,"column":8},"end":{"line":32,"column":11}},"19":{"start":{"line":29,"column":12},"end":{"line":29,"column":26}},"20":{"start":{"line":31,"column":12},"end":{"line":31,"column":26}},"21":{"start":{"line":34,"column":4},"end":{"line":82,"column":6}},"22":{"start":{"line":35,"column":21},"end":{"line":35,"column":31}},"23":{"start":{"line":37,"column":19},"end":{"line":37,"column":57}},"24":{"start":{"line":38,"column":8},"end":{"line":51,"column":9}},"25":{"start":{"line":39,"column":12},"end":{"line":50,"column":13}},"26":{"start":{"line":40,"column":16},"end":{"line":49,"column":17}},"27":{"start":{"line":41,"column":20},"end":{"line":41,"column":37}},"28":{"start":{"line":42,"column":20},"end":{"line":44,"column":21}},"29":{"start":{"line":43,"column":24},"end":{"line":43,"column":71}},"30":{"start":{"line":46,"column":21},"end":{"line":49,"column":17}},"31":{"start":{"line":47,"column":20},"end":{"line":47,"column":39}},"32":{"start":{"line":48,"column":20},"end":{"line":48,"column":26}},"33":{"start":{"line":52,"column":8},"end":{"line":81,"column":11}},"34":{"start":{"line":53,"column":12},"end":{"line":80,"column":13}},"35":{"start":{"line":55,"column":20},"end":{"line":59,"column":23}},"36":{"start":{"line":56,"column":24},"end":{"line":56,"column":41}},"37":{"start":{"line":58,"column":24},"end":{"line":58,"column":36}},"38":{"start":{"line":60,"column":20},"end":{"line":60,"column":26}},"39":{"start":{"line":62,"column":20},"end":{"line":62,"column":53}},"40":{"start":{"line":63,"column":20},"end":{"line":63,"column":26}},"41":{"start":{"line":65,"column":20},"end":{"line":69,"column":23}},"42":{"start":{"line":66,"column":24},"end":{"line":66,"column":37}},"43":{"start":{"line":68,"column":24},"end":{"line":68,"column":36}},"44":{"start":{"line":70,"column":20},"end":{"line":70,"column":26}},"45":{"start":{"line":72,"column":20},"end":{"line":76,"column":23}},"46":{"start":{"line":73,"column":24},"end":{"line":73,"column":41}},"47":{"start":{"line":75,"column":24},"end":{"line":75,"column":36}},"48":{"start":{"line":77,"column":20},"end":{"line":77,"column":26}},"49":{"start":{"line":79,"column":20},"end":{"line":79,"column":33}},"50":{"start":{"line":83,"column":4},"end":{"line":83,"column":19}},"51":{"start":{"line":85,"column":0},"end":{"line":85,"column":62}},"52":{"start":{"line":86,"column":0},"end":{"line":86,"column":26}}},"fnMap":{"0":{"name":"(anonymous_0)","decl":{"start":{"line":5,"column":15},"end":{"line":5,"column":16}},"loc":{"start":{"line":5,"column":27},"end":{"line":84,"column":1}}},"1":{"name":"Request","decl":{"start":{"line":6,"column":13},"end":{"line":6,"column":20}},"loc":{"start":{"line":6,"column":23},"end":{"line":7,"column":5}}},"2":{"name":"(anonymous_2)","decl":{"start":{"line":8,"column":19},"end":{"line":8,"column":20}},"loc":{"start":{"line":8,"column":45},"end":{"line":33,"column":5}}},"3":{"name":"(anonymous_3)","decl":{"start":{"line":10,"column":34},"end":{"line":10,"column":35}},"loc":{"start":{"line":10,"column":61},"end":{"line":27,"column":9}}},"4":{"name":"(anonymous_4)","decl":{"start":{"line":12,"column":44},"end":{"line":12,"column":45}},"loc":{"start":{"line":12,"column":66},"end":{"line":16,"column":17}}},"5":{"name":"(anonymous_5)","decl":{"start":{"line":16,"column":25},"end":{"line":16,"column":26}},"loc":{"start":{"line":16,"column":40},"end":{"line":20,"column":17}}},"6":{"name":"(anonymous_6)","decl":{"start":{"line":28,"column":36},"end":{"line":28,"column":37}},"loc":{"start":{"line":28,"column":51},"end":{"line":30,"column":9}}},"7":{"name":"(anonymous_7)","decl":{"start":{"line":30,"column":17},"end":{"line":30,"column":18}},"loc":{"start":{"line":30,"column":32},"end":{"line":32,"column":9}}},"8":{"name":"(anonymous_8)","decl":{"start":{"line":34,"column":24},"end":{"line":34,"column":25}},"loc":{"start":{"line":34,"column":39},"end":{"line":82,"column":5}}},"9":{"name":"(anonymous_9)","decl":{"start":{"line":52,"column":27},"end":{"line":52,"column":28}},"loc":{"start":{"line":52,"column":54},"end":{"line":81,"column":9}}},"10":{"name":"(anonymous_10)","decl":{"start":{"line":55,"column":54},"end":{"line":55,"column":55}},"loc":{"start":{"line":55,"column":73},"end":{"line":57,"column":21}}},"11":{"name":"(anonymous_11)","decl":{"start":{"line":57,"column":29},"end":{"line":57,"column":30}},"loc":{"start":{"line":57,"column":44},"end":{"line":59,"column":21}}},"12":{"name":"(anonymous_12)","decl":{"start":{"line":65,"column":52},"end":{"line":65,"column":53}},"loc":{"start":{"line":65,"column":67},"end":{"line":67,"column":21}}},"13":{"name":"(anonymous_13)","decl":{"start":{"line":67,"column":29},"end":{"line":67,"column":30}},"loc":{"start":{"line":67,"column":44},"end":{"line":69,"column":21}}},"14":{"name":"(anonymous_14)","decl":{"start":{"line":72,"column":51},"end":{"line":72,"column":52}},"loc":{"start":{"line":72,"column":70},"end":{"line":74,"column":21}}},"15":{"name":"(anonymous_15)","decl":{"start":{"line":74,"column":29},"end":{"line":74,"column":30}},"loc":{"start":{"line":74,"column":44},"end":{"line":76,"column":21}}}},"branchMap":{"0":{"loc":{"start":{"line":38,"column":8},"end":{"line":51,"column":9}},"type":"if","locations":[{"start":{"line":38,"column":8},"end":{"line":51,"column":9}},{"start":{"line":38,"column":8},"end":{"line":51,"column":9}}]},"1":{"loc":{"start":{"line":40,"column":16},"end":{"line":49,"column":17}},"type":"if","locations":[{"start":{"line":40,"column":16},"end":{"line":49,"column":17}},{"start":{"line":40,"column":16},"end":{"line":49,"column":17}}]},"2":{"loc":{"start":{"line":40,"column":20},"end":{"line":40,"column":63}},"type":"binary-expr","locations":[{"start":{"line":40,"column":20},"end":{"line":40,"column":33}},{"start":{"line":40,"column":37},"end":{"line":40,"column":63}}]},"3":{"loc":{"start":{"line":42,"column":27},"end":{"line":42,"column":62}},"type":"binary-expr","locations":[{"start":{"line":42,"column":27},"end":{"line":42,"column":38}},{"start":{"line":42,"column":42},"end":{"line":42,"column":62}}]},"4":{"loc":{"start":{"line":46,"column":21},"end":{"line":49,"column":17}},"type":"if","locations":[{"start":{"line":46,"column":21},"end":{"line":49,"column":17}},{"start":{"line":46,"column":21},"end":{"line":49,"column":17}}]},"5":{"loc":{"start":{"line":53,"column":12},"end":{"line":80,"column":13}},"type":"switch","locations":[{"start":{"line":54,"column":16},"end":{"line":60,"column":26}},{"start":{"line":61,"column":16},"end":{"line":63,"column":26}},{"start":{"line":64,"column":16},"end":{"line":70,"column":26}},{"start":{"line":71,"column":16},"end":{"line":77,"column":26}},{"start":{"line":78,"column":16},"end":{"line":79,"column":33}}]}},"s":{"0":1,"1":1,"2":1,"3":1,"4":1,"5":5,"6":5,"7":5,"8":5,"9":4,"10":4,"11":4,"12":1,"13":1,"14":1,"15":0,"16":0,"17":0,"18":5,"19":4,"20":1,"21":1,"22":5,"23":5,"24":5,"25":4,"26":4,"27":3,"28":3,"29":0,"30":1,"31":1,"32":1,"33":5,"34":5,"35":1,"36":1,"37":0,"38":1,"39":1,"40":1,"41":1,"42":1,"43":0,"44":1,"45":2,"46":1,"47":1,"48":2,"49":0,"50":1,"51":1,"52":1},"f":{"0":1,"1":0,"2":5,"3":5,"4":4,"5":1,"6":4,"7":1,"8":5,"9":5,"10":1,"11":0,"12":1,"13":0,"14":1,"15":1},"b":{"0":[4,1],"1":[3,1],"2":[4,3],"3":[3,3],"4":[1,0],"5":[1,1,1,2,0]},"_coverageSchema":"332fd63041d2c1bcb487cc26dd0d5f7d97098a6c","hash":"96e11be0316b14366e1316cd1665c6f7cdde09f8","contentHash":"eae5a8a81bdb7b831d3dc556dca87c52_10.0.0"}}